have_library: checking for tgetent() in -ltinfo... -------------------- no

"/usr/local/opt/apple-gcc42/bin/gcc-4.2 -o conftest -I../.. -I../../. -I../.././ext/curses  -D_XOPEN_SOURCE -D_DARWIN_C_SOURCE   -O3 -I/usr/local/opt/libyaml/include -I/usr/local/opt/readline/include -I/usr/local/opt/libksba/include -I/usr/local/opt/openssl098/include  -fno-common -pipe -fno-common   conftest.c  -L. -L../.. -L. -L/usr/local/opt/libyaml/lib -L/usr/local/opt/readline/lib -L/usr/local/opt/libksba/lib -L/usr/local/opt/openssl098/lib     -lruby-static -ltinfo  -ldl -lobjc  "
conftest.c: In function ‘t’:
conftest.c:3: error: ‘tgetent’ undeclared (first use in this function)
conftest.c:3: error: (Each undeclared identifier is reported only once
conftest.c:3: error: for each function it appears in.)
checked program was:
/* begin */
1: /*top*/
2: int main() { return 0; }
3: int t() { void ((*volatile p)()); p = (void ((*)()))tgetent; return 0; }
/* end */

"/usr/local/opt/apple-gcc42/bin/gcc-4.2 -o conftest -I../.. -I../../. -I../.././ext/curses  -D_XOPEN_SOURCE -D_DARWIN_C_SOURCE   -O3 -I/usr/local/opt/libyaml/include -I/usr/local/opt/readline/include -I/usr/local/opt/libksba/include -I/usr/local/opt/openssl098/include  -fno-common -pipe -fno-common   conftest.c  -L. -L../.. -L. -L/usr/local/opt/libyaml/lib -L/usr/local/opt/readline/lib -L/usr/local/opt/libksba/lib -L/usr/local/opt/openssl098/lib     -lruby-static -ltinfo  -ldl -lobjc  "
ld: library not found for -ltinfo
collect2: ld returned 1 exit status
checked program was:
/* begin */
1: /*top*/
2: int main() { return 0; }
3: int t() { tgetent(); return 0; }
/* end */

--------------------

have_library: checking for tgetent() in -ltermcap... -------------------- yes

"/usr/local/opt/apple-gcc42/bin/gcc-4.2 -o conftest -I../.. -I../../. -I../.././ext/curses  -D_XOPEN_SOURCE -D_DARWIN_C_SOURCE   -O3 -I/usr/local/opt/libyaml/include -I/usr/local/opt/readline/include -I/usr/local/opt/libksba/include -I/usr/local/opt/openssl098/include  -fno-common -pipe -fno-common   conftest.c  -L. -L../.. -L. -L/usr/local/opt/libyaml/lib -L/usr/local/opt/readline/lib -L/usr/local/opt/libksba/lib -L/usr/local/opt/openssl098/lib     -lruby-static -ltermcap  -ldl -lobjc  "
conftest.c: In function ‘t’:
conftest.c:3: error: ‘tgetent’ undeclared (first use in this function)
conftest.c:3: error: (Each undeclared identifier is reported only once
conftest.c:3: error: for each function it appears in.)
checked program was:
/* begin */
1: /*top*/
2: int main() { return 0; }
3: int t() { void ((*volatile p)()); p = (void ((*)()))tgetent; return 0; }
/* end */

"/usr/local/opt/apple-gcc42/bin/gcc-4.2 -o conftest -I../.. -I../../. -I../.././ext/curses  -D_XOPEN_SOURCE -D_DARWIN_C_SOURCE   -O3 -I/usr/local/opt/libyaml/include -I/usr/local/opt/readline/include -I/usr/local/opt/libksba/include -I/usr/local/opt/openssl098/include  -fno-common -pipe -fno-common   conftest.c  -L. -L../.. -L. -L/usr/local/opt/libyaml/lib -L/usr/local/opt/readline/lib -L/usr/local/opt/libksba/lib -L/usr/local/opt/openssl098/lib     -lruby-static -ltermcap  -ldl -lobjc  "
checked program was:
/* begin */
1: /*top*/
2: int main() { return 0; }
3: int t() { tgetent(); return 0; }
/* end */

--------------------

have_header: checking for ncurses.h... -------------------- yes

"/usr/local/opt/apple-gcc42/bin/gcc-4.2 -E -I../.. -I../../. -I../.././ext/curses  -D_XOPEN_SOURCE -D_DARWIN_C_SOURCE   -O3 -I/usr/local/opt/libyaml/include -I/usr/local/opt/readline/include -I/usr/local/opt/libksba/include -I/usr/local/opt/openssl098/include  -fno-common -pipe -fno-common    conftest.c -o conftest.i"
checked program was:
/* begin */
1: #include <ncurses.h>
/* end */

--------------------

have_library: checking for initscr() in -lncurses... -------------------- yes

"/usr/local/opt/apple-gcc42/bin/gcc-4.2 -o conftest -I../.. -I../../. -I../.././ext/curses  -D_XOPEN_SOURCE -D_DARWIN_C_SOURCE   -O3 -I/usr/local/opt/libyaml/include -I/usr/local/opt/readline/include -I/usr/local/opt/libksba/include -I/usr/local/opt/openssl098/include  -fno-common -pipe -fno-common   conftest.c  -L. -L../.. -L. -L/usr/local/opt/libyaml/lib -L/usr/local/opt/readline/lib -L/usr/local/opt/libksba/lib -L/usr/local/opt/openssl098/lib    -ltermcap  -lruby-static -lncurses -ltermcap  -ldl -lobjc  "
conftest.c: In function ‘t’:
conftest.c:3: error: ‘initscr’ undeclared (first use in this function)
conftest.c:3: error: (Each undeclared identifier is reported only once
conftest.c:3: error: for each function it appears in.)
checked program was:
/* begin */
1: /*top*/
2: int main() { return 0; }
3: int t() { void ((*volatile p)()); p = (void ((*)()))initscr; return 0; }
/* end */

"/usr/local/opt/apple-gcc42/bin/gcc-4.2 -o conftest -I../.. -I../../. -I../.././ext/curses  -D_XOPEN_SOURCE -D_DARWIN_C_SOURCE   -O3 -I/usr/local/opt/libyaml/include -I/usr/local/opt/readline/include -I/usr/local/opt/libksba/include -I/usr/local/opt/openssl098/include  -fno-common -pipe -fno-common   conftest.c  -L. -L../.. -L. -L/usr/local/opt/libyaml/lib -L/usr/local/opt/readline/lib -L/usr/local/opt/libksba/lib -L/usr/local/opt/openssl098/lib    -ltermcap  -lruby-static -lncurses -ltermcap  -ldl -lobjc  "
checked program was:
/* begin */
1: /*top*/
2: int main() { return 0; }
3: int t() { initscr(); return 0; }
/* end */

--------------------

have_func: checking for beep()... -------------------- yes

"/usr/local/opt/apple-gcc42/bin/gcc-4.2 -o conftest -I../.. -I../../. -I../.././ext/curses  -D_XOPEN_SOURCE -D_DARWIN_C_SOURCE   -O3 -I/usr/local/opt/libyaml/include -I/usr/local/opt/readline/include -I/usr/local/opt/libksba/include -I/usr/local/opt/openssl098/include  -fno-common -pipe -fno-common   conftest.c  -L. -L../.. -L. -L/usr/local/opt/libyaml/lib -L/usr/local/opt/readline/lib -L/usr/local/opt/libksba/lib -L/usr/local/opt/openssl098/lib    -lncurses -ltermcap  -lruby-static -lncurses -ltermcap  -ldl -lobjc  "
conftest.c: In function ‘t’:
conftest.c:3: error: ‘beep’ undeclared (first use in this function)
conftest.c:3: error: (Each undeclared identifier is reported only once
conftest.c:3: error: for each function it appears in.)
checked program was:
/* begin */
1: /*top*/
2: int main() { return 0; }
3: int t() { void ((*volatile p)()); p = (void ((*)()))beep; return 0; }
/* end */

"/usr/local/opt/apple-gcc42/bin/gcc-4.2 -o conftest -I../.. -I../../. -I../.././ext/curses  -D_XOPEN_SOURCE -D_DARWIN_C_SOURCE   -O3 -I/usr/local/opt/libyaml/include -I/usr/local/opt/readline/include -I/usr/local/opt/libksba/include -I/usr/local/opt/openssl098/include  -fno-common -pipe -fno-common   conftest.c  -L. -L../.. -L. -L/usr/local/opt/libyaml/lib -L/usr/local/opt/readline/lib -L/usr/local/opt/libksba/lib -L/usr/local/opt/openssl098/lib    -lncurses -ltermcap  -lruby-static -lncurses -ltermcap  -ldl -lobjc  "
checked program was:
/* begin */
1: /*top*/
2: int main() { return 0; }
3: int t() { beep(); return 0; }
/* end */

--------------------

have_func: checking for bkgd()... -------------------- yes

"/usr/local/opt/apple-gcc42/bin/gcc-4.2 -o conftest -I../.. -I../../. -I../.././ext/curses  -D_XOPEN_SOURCE -D_DARWIN_C_SOURCE   -O3 -I/usr/local/opt/libyaml/include -I/usr/local/opt/readline/include -I/usr/local/opt/libksba/include -I/usr/local/opt/openssl098/include  -fno-common -pipe -fno-common   conftest.c  -L. -L../.. -L. -L/usr/local/opt/libyaml/lib -L/usr/local/opt/readline/lib -L/usr/local/opt/libksba/lib -L/usr/local/opt/openssl098/lib    -lncurses -ltermcap  -lruby-static -lncurses -ltermcap  -ldl -lobjc  "
conftest.c: In function ‘t’:
conftest.c:3: error: ‘bkgd’ undeclared (first use in this function)
conftest.c:3: error: (Each undeclared identifier is reported only once
conftest.c:3: error: for each function it appears in.)
checked program was:
/* begin */
1: /*top*/
2: int main() { return 0; }
3: int t() { void ((*volatile p)()); p = (void ((*)()))bkgd; return 0; }
/* end */

"/usr/local/opt/apple-gcc42/bin/gcc-4.2 -o conftest -I../.. -I../../. -I../.././ext/curses  -D_XOPEN_SOURCE -D_DARWIN_C_SOURCE   -O3 -I/usr/local/opt/libyaml/include -I/usr/local/opt/readline/include -I/usr/local/opt/libksba/include -I/usr/local/opt/openssl098/include  -fno-common -pipe -fno-common   conftest.c  -L. -L../.. -L. -L/usr/local/opt/libyaml/lib -L/usr/local/opt/readline/lib -L/usr/local/opt/libksba/lib -L/usr/local/opt/openssl098/lib    -lncurses -ltermcap  -lruby-static -lncurses -ltermcap  -ldl -lobjc  "
checked program was:
/* begin */
1: /*top*/
2: int main() { return 0; }
3: int t() { bkgd(); return 0; }
/* end */

--------------------

have_func: checking for bkgdset()... -------------------- yes

"/usr/local/opt/apple-gcc42/bin/gcc-4.2 -o conftest -I../.. -I../../. -I../.././ext/curses  -D_XOPEN_SOURCE -D_DARWIN_C_SOURCE   -O3 -I/usr/local/opt/libyaml/include -I/usr/local/opt/readline/include -I/usr/local/opt/libksba/include -I/usr/local/opt/openssl098/include  -fno-common -pipe -fno-common   conftest.c  -L. -L../.. -L. -L/usr/local/opt/libyaml/lib -L/usr/local/opt/readline/lib -L/usr/local/opt/libksba/lib -L/usr/local/opt/openssl098/lib    -lncurses -ltermcap  -lruby-static -lncurses -ltermcap  -ldl -lobjc  "
conftest.c: In function ‘t’:
conftest.c:3: error: ‘bkgdset’ undeclared (first use in this function)
conftest.c:3: error: (Each undeclared identifier is reported only once
conftest.c:3: error: for each function it appears in.)
checked program was:
/* begin */
1: /*top*/
2: int main() { return 0; }
3: int t() { void ((*volatile p)()); p = (void ((*)()))bkgdset; return 0; }
/* end */

"/usr/local/opt/apple-gcc42/bin/gcc-4.2 -o conftest -I../.. -I../../. -I../.././ext/curses  -D_XOPEN_SOURCE -D_DARWIN_C_SOURCE   -O3 -I/usr/local/opt/libyaml/include -I/usr/local/opt/readline/include -I/usr/local/opt/libksba/include -I/usr/local/opt/openssl098/include  -fno-common -pipe -fno-common   conftest.c  -L. -L../.. -L. -L/usr/local/opt/libyaml/lib -L/usr/local/opt/readline/lib -L/usr/local/opt/libksba/lib -L/usr/local/opt/openssl098/lib    -lncurses -ltermcap  -lruby-static -lncurses -ltermcap  -ldl -lobjc  "
checked program was:
/* begin */
1: /*top*/
2: int main() { return 0; }
3: int t() { bkgdset(); return 0; }
/* end */

--------------------

have_func: checking for curs_set()... -------------------- yes

"/usr/local/opt/apple-gcc42/bin/gcc-4.2 -o conftest -I../.. -I../../. -I../.././ext/curses  -D_XOPEN_SOURCE -D_DARWIN_C_SOURCE   -O3 -I/usr/local/opt/libyaml/include -I/usr/local/opt/readline/include -I/usr/local/opt/libksba/include -I/usr/local/opt/openssl098/include  -fno-common -pipe -fno-common   conftest.c  -L. -L../.. -L. -L/usr/local/opt/libyaml/lib -L/usr/local/opt/readline/lib -L/usr/local/opt/libksba/lib -L/usr/local/opt/openssl098/lib    -lncurses -ltermcap  -lruby-static -lncurses -ltermcap  -ldl -lobjc  "
conftest.c: In function ‘t’:
conftest.c:3: error: ‘curs_set’ undeclared (first use in this function)
conftest.c:3: error: (Each undeclared identifier is reported only once
conftest.c:3: error: for each function it appears in.)
checked program was:
/* begin */
1: /*top*/
2: int main() { return 0; }
3: int t() { void ((*volatile p)()); p = (void ((*)()))curs_set; return 0; }
/* end */

"/usr/local/opt/apple-gcc42/bin/gcc-4.2 -o conftest -I../.. -I../../. -I../.././ext/curses  -D_XOPEN_SOURCE -D_DARWIN_C_SOURCE   -O3 -I/usr/local/opt/libyaml/include -I/usr/local/opt/readline/include -I/usr/local/opt/libksba/include -I/usr/local/opt/openssl098/include  -fno-common -pipe -fno-common   conftest.c  -L. -L../.. -L. -L/usr/local/opt/libyaml/lib -L/usr/local/opt/readline/lib -L/usr/local/opt/libksba/lib -L/usr/local/opt/openssl098/lib    -lncurses -ltermcap  -lruby-static -lncurses -ltermcap  -ldl -lobjc  "
checked program was:
/* begin */
1: /*top*/
2: int main() { return 0; }
3: int t() { curs_set(); return 0; }
/* end */

--------------------

have_func: checking for deleteln()... -------------------- yes

"/usr/local/opt/apple-gcc42/bin/gcc-4.2 -o conftest -I../.. -I../../. -I../.././ext/curses  -D_XOPEN_SOURCE -D_DARWIN_C_SOURCE   -O3 -I/usr/local/opt/libyaml/include -I/usr/local/opt/readline/include -I/usr/local/opt/libksba/include -I/usr/local/opt/openssl098/include  -fno-common -pipe -fno-common   conftest.c  -L. -L../.. -L. -L/usr/local/opt/libyaml/lib -L/usr/local/opt/readline/lib -L/usr/local/opt/libksba/lib -L/usr/local/opt/openssl098/lib    -lncurses -ltermcap  -lruby-static -lncurses -ltermcap  -ldl -lobjc  "
conftest.c: In function ‘t’:
conftest.c:3: error: ‘deleteln’ undeclared (first use in this function)
conftest.c:3: error: (Each undeclared identifier is reported only once
conftest.c:3: error: for each function it appears in.)
checked program was:
/* begin */
1: /*top*/
2: int main() { return 0; }
3: int t() { void ((*volatile p)()); p = (void ((*)()))deleteln; return 0; }
/* end */

"/usr/local/opt/apple-gcc42/bin/gcc-4.2 -o conftest -I../.. -I../../. -I../.././ext/curses  -D_XOPEN_SOURCE -D_DARWIN_C_SOURCE   -O3 -I/usr/local/opt/libyaml/include -I/usr/local/opt/readline/include -I/usr/local/opt/libksba/include -I/usr/local/opt/openssl098/include  -fno-common -pipe -fno-common   conftest.c  -L. -L../.. -L. -L/usr/local/opt/libyaml/lib -L/usr/local/opt/readline/lib -L/usr/local/opt/libksba/lib -L/usr/local/opt/openssl098/lib    -lncurses -ltermcap  -lruby-static -lncurses -ltermcap  -ldl -lobjc  "
checked program was:
/* begin */
1: /*top*/
2: int main() { return 0; }
3: int t() { deleteln(); return 0; }
/* end */

--------------------

have_func: checking for doupdate()... -------------------- yes

"/usr/local/opt/apple-gcc42/bin/gcc-4.2 -o conftest -I../.. -I../../. -I../.././ext/curses  -D_XOPEN_SOURCE -D_DARWIN_C_SOURCE   -O3 -I/usr/local/opt/libyaml/include -I/usr/local/opt/readline/include -I/usr/local/opt/libksba/include -I/usr/local/opt/openssl098/include  -fno-common -pipe -fno-common   conftest.c  -L. -L../.. -L. -L/usr/local/opt/libyaml/lib -L/usr/local/opt/readline/lib -L/usr/local/opt/libksba/lib -L/usr/local/opt/openssl098/lib    -lncurses -ltermcap  -lruby-static -lncurses -ltermcap  -ldl -lobjc  "
conftest.c: In function ‘t’:
conftest.c:3: error: ‘doupdate’ undeclared (first use in this function)
conftest.c:3: error: (Each undeclared identifier is reported only once
conftest.c:3: error: for each function it appears in.)
checked program was:
/* begin */
1: /*top*/
2: int main() { return 0; }
3: int t() { void ((*volatile p)()); p = (void ((*)()))doupdate; return 0; }
/* end */

"/usr/local/opt/apple-gcc42/bin/gcc-4.2 -o conftest -I../.. -I../../. -I../.././ext/curses  -D_XOPEN_SOURCE -D_DARWIN_C_SOURCE   -O3 -I/usr/local/opt/libyaml/include -I/usr/local/opt/readline/include -I/usr/local/opt/libksba/include -I/usr/local/opt/openssl098/include  -fno-common -pipe -fno-common   conftest.c  -L. -L../.. -L. -L/usr/local/opt/libyaml/lib -L/usr/local/opt/readline/lib -L/usr/local/opt/libksba/lib -L/usr/local/opt/openssl098/lib    -lncurses -ltermcap  -lruby-static -lncurses -ltermcap  -ldl -lobjc  "
checked program was:
/* begin */
1: /*top*/
2: int main() { return 0; }
3: int t() { doupdate(); return 0; }
/* end */

--------------------

have_func: checking for flash()... -------------------- yes

"/usr/local/opt/apple-gcc42/bin/gcc-4.2 -o conftest -I../.. -I../../. -I../.././ext/curses  -D_XOPEN_SOURCE -D_DARWIN_C_SOURCE   -O3 -I/usr/local/opt/libyaml/include -I/usr/local/opt/readline/include -I/usr/local/opt/libksba/include -I/usr/local/opt/openssl098/include  -fno-common -pipe -fno-common   conftest.c  -L. -L../.. -L. -L/usr/local/opt/libyaml/lib -L/usr/local/opt/readline/lib -L/usr/local/opt/libksba/lib -L/usr/local/opt/openssl098/lib    -lncurses -ltermcap  -lruby-static -lncurses -ltermcap  -ldl -lobjc  "
conftest.c: In function ‘t’:
conftest.c:3: error: ‘flash’ undeclared (first use in this function)
conftest.c:3: error: (Each undeclared identifier is reported only once
conftest.c:3: error: for each function it appears in.)
checked program was:
/* begin */
1: /*top*/
2: int main() { return 0; }
3: int t() { void ((*volatile p)()); p = (void ((*)()))flash; return 0; }
/* end */

"/usr/local/opt/apple-gcc42/bin/gcc-4.2 -o conftest -I../.. -I../../. -I../.././ext/curses  -D_XOPEN_SOURCE -D_DARWIN_C_SOURCE   -O3 -I/usr/local/opt/libyaml/include -I/usr/local/opt/readline/include -I/usr/local/opt/libksba/include -I/usr/local/opt/openssl098/include  -fno-common -pipe -fno-common   conftest.c  -L. -L../.. -L. -L/usr/local/opt/libyaml/lib -L/usr/local/opt/readline/lib -L/usr/local/opt/libksba/lib -L/usr/local/opt/openssl098/lib    -lncurses -ltermcap  -lruby-static -lncurses -ltermcap  -ldl -lobjc  "
checked program was:
/* begin */
1: /*top*/
2: int main() { return 0; }
3: int t() { flash(); return 0; }
/* end */

--------------------

have_func: checking for getbkgd()... -------------------- yes

"/usr/local/opt/apple-gcc42/bin/gcc-4.2 -o conftest -I../.. -I../../. -I../.././ext/curses  -D_XOPEN_SOURCE -D_DARWIN_C_SOURCE   -O3 -I/usr/local/opt/libyaml/include -I/usr/local/opt/readline/include -I/usr/local/opt/libksba/include -I/usr/local/opt/openssl098/include  -fno-common -pipe -fno-common   conftest.c  -L. -L../.. -L. -L/usr/local/opt/libyaml/lib -L/usr/local/opt/readline/lib -L/usr/local/opt/libksba/lib -L/usr/local/opt/openssl098/lib    -lncurses -ltermcap  -lruby-static -lncurses -ltermcap  -ldl -lobjc  "
conftest.c: In function ‘t’:
conftest.c:3: error: ‘getbkgd’ undeclared (first use in this function)
conftest.c:3: error: (Each undeclared identifier is reported only once
conftest.c:3: error: for each function it appears in.)
checked program was:
/* begin */
1: /*top*/
2: int main() { return 0; }
3: int t() { void ((*volatile p)()); p = (void ((*)()))getbkgd; return 0; }
/* end */

"/usr/local/opt/apple-gcc42/bin/gcc-4.2 -o conftest -I../.. -I../../. -I../.././ext/curses  -D_XOPEN_SOURCE -D_DARWIN_C_SOURCE   -O3 -I/usr/local/opt/libyaml/include -I/usr/local/opt/readline/include -I/usr/local/opt/libksba/include -I/usr/local/opt/openssl098/include  -fno-common -pipe -fno-common   conftest.c  -L. -L../.. -L. -L/usr/local/opt/libyaml/lib -L/usr/local/opt/readline/lib -L/usr/local/opt/libksba/lib -L/usr/local/opt/openssl098/lib    -lncurses -ltermcap  -lruby-static -lncurses -ltermcap  -ldl -lobjc  "
checked program was:
/* begin */
1: /*top*/
2: int main() { return 0; }
3: int t() { getbkgd(); return 0; }
/* end */

--------------------

have_func: checking for getnstr()... -------------------- yes

"/usr/local/opt/apple-gcc42/bin/gcc-4.2 -o conftest -I../.. -I../../. -I../.././ext/curses  -D_XOPEN_SOURCE -D_DARWIN_C_SOURCE   -O3 -I/usr/local/opt/libyaml/include -I/usr/local/opt/readline/include -I/usr/local/opt/libksba/include -I/usr/local/opt/openssl098/include  -fno-common -pipe -fno-common   conftest.c  -L. -L../.. -L. -L/usr/local/opt/libyaml/lib -L/usr/local/opt/readline/lib -L/usr/local/opt/libksba/lib -L/usr/local/opt/openssl098/lib    -lncurses -ltermcap  -lruby-static -lncurses -ltermcap  -ldl -lobjc  "
conftest.c: In function ‘t’:
conftest.c:3: error: ‘getnstr’ undeclared (first use in this function)
conftest.c:3: error: (Each undeclared identifier is reported only once
conftest.c:3: error: for each function it appears in.)
checked program was:
/* begin */
1: /*top*/
2: int main() { return 0; }
3: int t() { void ((*volatile p)()); p = (void ((*)()))getnstr; return 0; }
/* end */

"/usr/local/opt/apple-gcc42/bin/gcc-4.2 -o conftest -I../.. -I../../. -I../.././ext/curses  -D_XOPEN_SOURCE -D_DARWIN_C_SOURCE   -O3 -I/usr/local/opt/libyaml/include -I/usr/local/opt/readline/include -I/usr/local/opt/libksba/include -I/usr/local/opt/openssl098/include  -fno-common -pipe -fno-common   conftest.c  -L. -L../.. -L. -L/usr/local/opt/libyaml/lib -L/usr/local/opt/readline/lib -L/usr/local/opt/libksba/lib -L/usr/local/opt/openssl098/lib    -lncurses -ltermcap  -lruby-static -lncurses -ltermcap  -ldl -lobjc  "
checked program was:
/* begin */
1: /*top*/
2: int main() { return 0; }
3: int t() { getnstr(); return 0; }
/* end */

--------------------

have_func: checking for init()... -------------------- no

"/usr/local/opt/apple-gcc42/bin/gcc-4.2 -o conftest -I../.. -I../../. -I../.././ext/curses  -D_XOPEN_SOURCE -D_DARWIN_C_SOURCE   -O3 -I/usr/local/opt/libyaml/include -I/usr/local/opt/readline/include -I/usr/local/opt/libksba/include -I/usr/local/opt/openssl098/include  -fno-common -pipe -fno-common   conftest.c  -L. -L../.. -L. -L/usr/local/opt/libyaml/lib -L/usr/local/opt/readline/lib -L/usr/local/opt/libksba/lib -L/usr/local/opt/openssl098/lib    -lncurses -ltermcap  -lruby-static -lncurses -ltermcap  -ldl -lobjc  "
conftest.c: In function ‘t’:
conftest.c:3: error: ‘init’ undeclared (first use in this function)
conftest.c:3: error: (Each undeclared identifier is reported only once
conftest.c:3: error: for each function it appears in.)
checked program was:
/* begin */
1: /*top*/
2: int main() { return 0; }
3: int t() { void ((*volatile p)()); p = (void ((*)()))init; return 0; }
/* end */

"/usr/local/opt/apple-gcc42/bin/gcc-4.2 -o conftest -I../.. -I../../. -I../.././ext/curses  -D_XOPEN_SOURCE -D_DARWIN_C_SOURCE   -O3 -I/usr/local/opt/libyaml/include -I/usr/local/opt/readline/include -I/usr/local/opt/libksba/include -I/usr/local/opt/openssl098/include  -fno-common -pipe -fno-common   conftest.c  -L. -L../.. -L. -L/usr/local/opt/libyaml/lib -L/usr/local/opt/readline/lib -L/usr/local/opt/libksba/lib -L/usr/local/opt/openssl098/lib    -lncurses -ltermcap  -lruby-static -lncurses -ltermcap  -ldl -lobjc  "
Undefined symbols for architecture x86_64:
  "_init", referenced from:
      _t in cchLZsDR.o
ld: symbol(s) not found for architecture x86_64
collect2: ld returned 1 exit status
checked program was:
/* begin */
1: /*top*/
2: int main() { return 0; }
3: int t() { init(); return 0; }
/* end */

--------------------

have_macro: checking for init in ncurses.h... -------------------- no

"/usr/local/opt/apple-gcc42/bin/gcc-4.2 -I../.. -I../../. -I../.././ext/curses  -D_XOPEN_SOURCE -D_DARWIN_C_SOURCE   -O3 -I/usr/local/opt/libyaml/include -I/usr/local/opt/readline/include -I/usr/local/opt/libksba/include -I/usr/local/opt/openssl098/include  -fno-common -pipe -fno-common     -c conftest.c"
conftest.c:4:3: error: #error 
conftest.c:5: error: expected identifier or ‘(’ before ‘>>’ token
checked program was:
/* begin */
1: #include <ncurses.h>
2: /*top*/
3: #ifndef init
4: # error
5: >>>>>> init undefined <<<<<<
6: #endif
/* end */

--------------------

have_func: checking for isendwin()... -------------------- yes

"/usr/local/opt/apple-gcc42/bin/gcc-4.2 -o conftest -I../.. -I../../. -I../.././ext/curses  -D_XOPEN_SOURCE -D_DARWIN_C_SOURCE   -O3 -I/usr/local/opt/libyaml/include -I/usr/local/opt/readline/include -I/usr/local/opt/libksba/include -I/usr/local/opt/openssl098/include  -fno-common -pipe -fno-common   conftest.c  -L. -L../.. -L. -L/usr/local/opt/libyaml/lib -L/usr/local/opt/readline/lib -L/usr/local/opt/libksba/lib -L/usr/local/opt/openssl098/lib    -lncurses -ltermcap  -lruby-static -lncurses -ltermcap  -ldl -lobjc  "
conftest.c: In function ‘t’:
conftest.c:3: error: ‘isendwin’ undeclared (first use in this function)
conftest.c:3: error: (Each undeclared identifier is reported only once
conftest.c:3: error: for each function it appears in.)
checked program was:
/* begin */
1: /*top*/
2: int main() { return 0; }
3: int t() { void ((*volatile p)()); p = (void ((*)()))isendwin; return 0; }
/* end */

"/usr/local/opt/apple-gcc42/bin/gcc-4.2 -o conftest -I../.. -I../../. -I../.././ext/curses  -D_XOPEN_SOURCE -D_DARWIN_C_SOURCE   -O3 -I/usr/local/opt/libyaml/include -I/usr/local/opt/readline/include -I/usr/local/opt/libksba/include -I/usr/local/opt/openssl098/include  -fno-common -pipe -fno-common   conftest.c  -L. -L../.. -L. -L/usr/local/opt/libyaml/lib -L/usr/local/opt/readline/lib -L/usr/local/opt/libksba/lib -L/usr/local/opt/openssl098/lib    -lncurses -ltermcap  -lruby-static -lncurses -ltermcap  -ldl -lobjc  "
checked program was:
/* begin */
1: /*top*/
2: int main() { return 0; }
3: int t() { isendwin(); return 0; }
/* end */

--------------------

have_func: checking for keyname()... -------------------- yes

"/usr/local/opt/apple-gcc42/bin/gcc-4.2 -o conftest -I../.. -I../../. -I../.././ext/curses  -D_XOPEN_SOURCE -D_DARWIN_C_SOURCE   -O3 -I/usr/local/opt/libyaml/include -I/usr/local/opt/readline/include -I/usr/local/opt/libksba/include -I/usr/local/opt/openssl098/include  -fno-common -pipe -fno-common   conftest.c  -L. -L../.. -L. -L/usr/local/opt/libyaml/lib -L/usr/local/opt/readline/lib -L/usr/local/opt/libksba/lib -L/usr/local/opt/openssl098/lib    -lncurses -ltermcap  -lruby-static -lncurses -ltermcap  -ldl -lobjc  "
conftest.c: In function ‘t’:
conftest.c:3: error: ‘keyname’ undeclared (first use in this function)
conftest.c:3: error: (Each undeclared identifier is reported only once
conftest.c:3: error: for each function it appears in.)
checked program was:
/* begin */
1: /*top*/
2: int main() { return 0; }
3: int t() { void ((*volatile p)()); p = (void ((*)()))keyname; return 0; }
/* end */

"/usr/local/opt/apple-gcc42/bin/gcc-4.2 -o conftest -I../.. -I../../. -I../.././ext/curses  -D_XOPEN_SOURCE -D_DARWIN_C_SOURCE   -O3 -I/usr/local/opt/libyaml/include -I/usr/local/opt/readline/include -I/usr/local/opt/libksba/include -I/usr/local/opt/openssl098/include  -fno-common -pipe -fno-common   conftest.c  -L. -L../.. -L. -L/usr/local/opt/libyaml/lib -L/usr/local/opt/readline/lib -L/usr/local/opt/libksba/lib -L/usr/local/opt/openssl098/lib    -lncurses -ltermcap  -lruby-static -lncurses -ltermcap  -ldl -lobjc  "
checked program was:
/* begin */
1: /*top*/
2: int main() { return 0; }
3: int t() { keyname(); return 0; }
/* end */

--------------------

have_func: checking for keypad()... -------------------- yes

"/usr/local/opt/apple-gcc42/bin/gcc-4.2 -o conftest -I../.. -I../../. -I../.././ext/curses  -D_XOPEN_SOURCE -D_DARWIN_C_SOURCE   -O3 -I/usr/local/opt/libyaml/include -I/usr/local/opt/readline/include -I/usr/local/opt/libksba/include -I/usr/local/opt/openssl098/include  -fno-common -pipe -fno-common   conftest.c  -L. -L../.. -L. -L/usr/local/opt/libyaml/lib -L/usr/local/opt/readline/lib -L/usr/local/opt/libksba/lib -L/usr/local/opt/openssl098/lib    -lncurses -ltermcap  -lruby-static -lncurses -ltermcap  -ldl -lobjc  "
conftest.c: In function ‘t’:
conftest.c:3: error: ‘keypad’ undeclared (first use in this function)
conftest.c:3: error: (Each undeclared identifier is reported only once
conftest.c:3: error: for each function it appears in.)
checked program was:
/* begin */
1: /*top*/
2: int main() { return 0; }
3: int t() { void ((*volatile p)()); p = (void ((*)()))keypad; return 0; }
/* end */

"/usr/local/opt/apple-gcc42/bin/gcc-4.2 -o conftest -I../.. -I../../. -I../.././ext/curses  -D_XOPEN_SOURCE -D_DARWIN_C_SOURCE   -O3 -I/usr/local/opt/libyaml/include -I/usr/local/opt/readline/include -I/usr/local/opt/libksba/include -I/usr/local/opt/openssl098/include  -fno-common -pipe -fno-common   conftest.c  -L. -L../.. -L. -L/usr/local/opt/libyaml/lib -L/usr/local/opt/readline/lib -L/usr/local/opt/libksba/lib -L/usr/local/opt/openssl098/lib    -lncurses -ltermcap  -lruby-static -lncurses -ltermcap  -ldl -lobjc  "
checked program was:
/* begin */
1: /*top*/
2: int main() { return 0; }
3: int t() { keypad(); return 0; }
/* end */

--------------------

have_func: checking for resizeterm()... -------------------- yes

"/usr/local/opt/apple-gcc42/bin/gcc-4.2 -o conftest -I../.. -I../../. -I../.././ext/curses  -D_XOPEN_SOURCE -D_DARWIN_C_SOURCE   -O3 -I/usr/local/opt/libyaml/include -I/usr/local/opt/readline/include -I/usr/local/opt/libksba/include -I/usr/local/opt/openssl098/include  -fno-common -pipe -fno-common   conftest.c  -L. -L../.. -L. -L/usr/local/opt/libyaml/lib -L/usr/local/opt/readline/lib -L/usr/local/opt/libksba/lib -L/usr/local/opt/openssl098/lib    -lncurses -ltermcap  -lruby-static -lncurses -ltermcap  -ldl -lobjc  "
conftest.c: In function ‘t’:
conftest.c:3: error: ‘resizeterm’ undeclared (first use in this function)
conftest.c:3: error: (Each undeclared identifier is reported only once
conftest.c:3: error: for each function it appears in.)
checked program was:
/* begin */
1: /*top*/
2: int main() { return 0; }
3: int t() { void ((*volatile p)()); p = (void ((*)()))resizeterm; return 0; }
/* end */

"/usr/local/opt/apple-gcc42/bin/gcc-4.2 -o conftest -I../.. -I../../. -I../.././ext/curses  -D_XOPEN_SOURCE -D_DARWIN_C_SOURCE   -O3 -I/usr/local/opt/libyaml/include -I/usr/local/opt/readline/include -I/usr/local/opt/libksba/include -I/usr/local/opt/openssl098/include  -fno-common -pipe -fno-common   conftest.c  -L. -L../.. -L. -L/usr/local/opt/libyaml/lib -L/usr/local/opt/readline/lib -L/usr/local/opt/libksba/lib -L/usr/local/opt/openssl098/lib    -lncurses -ltermcap  -lruby-static -lncurses -ltermcap  -ldl -lobjc  "
checked program was:
/* begin */
1: /*top*/
2: int main() { return 0; }
3: int t() { resizeterm(); return 0; }
/* end */

--------------------

have_func: checking for scrl()... -------------------- yes

"/usr/local/opt/apple-gcc42/bin/gcc-4.2 -o conftest -I../.. -I../../. -I../.././ext/curses  -D_XOPEN_SOURCE -D_DARWIN_C_SOURCE   -O3 -I/usr/local/opt/libyaml/include -I/usr/local/opt/readline/include -I/usr/local/opt/libksba/include -I/usr/local/opt/openssl098/include  -fno-common -pipe -fno-common   conftest.c  -L. -L../.. -L. -L/usr/local/opt/libyaml/lib -L/usr/local/opt/readline/lib -L/usr/local/opt/libksba/lib -L/usr/local/opt/openssl098/lib    -lncurses -ltermcap  -lruby-static -lncurses -ltermcap  -ldl -lobjc  "
conftest.c: In function ‘t’:
conftest.c:3: error: ‘scrl’ undeclared (first use in this function)
conftest.c:3: error: (Each undeclared identifier is reported only once
conftest.c:3: error: for each function it appears in.)
checked program was:
/* begin */
1: /*top*/
2: int main() { return 0; }
3: int t() { void ((*volatile p)()); p = (void ((*)()))scrl; return 0; }
/* end */

"/usr/local/opt/apple-gcc42/bin/gcc-4.2 -o conftest -I../.. -I../../. -I../.././ext/curses  -D_XOPEN_SOURCE -D_DARWIN_C_SOURCE   -O3 -I/usr/local/opt/libyaml/include -I/usr/local/opt/readline/include -I/usr/local/opt/libksba/include -I/usr/local/opt/openssl098/include  -fno-common -pipe -fno-common   conftest.c  -L. -L../.. -L. -L/usr/local/opt/libyaml/lib -L/usr/local/opt/readline/lib -L/usr/local/opt/libksba/lib -L/usr/local/opt/openssl098/lib    -lncurses -ltermcap  -lruby-static -lncurses -ltermcap  -ldl -lobjc  "
checked program was:
/* begin */
1: /*top*/
2: int main() { return 0; }
3: int t() { scrl(); return 0; }
/* end */

--------------------

have_func: checking for set()... -------------------- no

"/usr/local/opt/apple-gcc42/bin/gcc-4.2 -o conftest -I../.. -I../../. -I../.././ext/curses  -D_XOPEN_SOURCE -D_DARWIN_C_SOURCE   -O3 -I/usr/local/opt/libyaml/include -I/usr/local/opt/readline/include -I/usr/local/opt/libksba/include -I/usr/local/opt/openssl098/include  -fno-common -pipe -fno-common   conftest.c  -L. -L../.. -L. -L/usr/local/opt/libyaml/lib -L/usr/local/opt/readline/lib -L/usr/local/opt/libksba/lib -L/usr/local/opt/openssl098/lib    -lncurses -ltermcap  -lruby-static -lncurses -ltermcap  -ldl -lobjc  "
conftest.c: In function ‘t’:
conftest.c:3: error: ‘set’ undeclared (first use in this function)
conftest.c:3: error: (Each undeclared identifier is reported only once
conftest.c:3: error: for each function it appears in.)
checked program was:
/* begin */
1: /*top*/
2: int main() { return 0; }
3: int t() { void ((*volatile p)()); p = (void ((*)()))set; return 0; }
/* end */

"/usr/local/opt/apple-gcc42/bin/gcc-4.2 -o conftest -I../.. -I../../. -I../.././ext/curses  -D_XOPEN_SOURCE -D_DARWIN_C_SOURCE   -O3 -I/usr/local/opt/libyaml/include -I/usr/local/opt/readline/include -I/usr/local/opt/libksba/include -I/usr/local/opt/openssl098/include  -fno-common -pipe -fno-common   conftest.c  -L. -L../.. -L. -L/usr/local/opt/libyaml/lib -L/usr/local/opt/readline/lib -L/usr/local/opt/libksba/lib -L/usr/local/opt/openssl098/lib    -lncurses -ltermcap  -lruby-static -lncurses -ltermcap  -ldl -lobjc  "
Undefined symbols for architecture x86_64:
  "_set", referenced from:
      _t in cc1sE0sX.o
ld: symbol(s) not found for architecture x86_64
collect2: ld returned 1 exit status
checked program was:
/* begin */
1: /*top*/
2: int main() { return 0; }
3: int t() { set(); return 0; }
/* end */

--------------------

have_macro: checking for set in ncurses.h... -------------------- no

"/usr/local/opt/apple-gcc42/bin/gcc-4.2 -I../.. -I../../. -I../.././ext/curses  -D_XOPEN_SOURCE -D_DARWIN_C_SOURCE   -O3 -I/usr/local/opt/libyaml/include -I/usr/local/opt/readline/include -I/usr/local/opt/libksba/include -I/usr/local/opt/openssl098/include  -fno-common -pipe -fno-common     -c conftest.c"
conftest.c:4:3: error: #error 
conftest.c:5: error: expected identifier or ‘(’ before ‘>>’ token
checked program was:
/* begin */
1: #include <ncurses.h>
2: /*top*/
3: #ifndef set
4: # error
5: >>>>>> set undefined <<<<<<
6: #endif
/* end */

--------------------

have_func: checking for setscrreg()... -------------------- yes

"/usr/local/opt/apple-gcc42/bin/gcc-4.2 -o conftest -I../.. -I../../. -I../.././ext/curses  -D_XOPEN_SOURCE -D_DARWIN_C_SOURCE   -O3 -I/usr/local/opt/libyaml/include -I/usr/local/opt/readline/include -I/usr/local/opt/libksba/include -I/usr/local/opt/openssl098/include  -fno-common -pipe -fno-common   conftest.c  -L. -L../.. -L. -L/usr/local/opt/libyaml/lib -L/usr/local/opt/readline/lib -L/usr/local/opt/libksba/lib -L/usr/local/opt/openssl098/lib    -lncurses -ltermcap  -lruby-static -lncurses -ltermcap  -ldl -lobjc  "
conftest.c: In function ‘t’:
conftest.c:3: error: ‘setscrreg’ undeclared (first use in this function)
conftest.c:3: error: (Each undeclared identifier is reported only once
conftest.c:3: error: for each function it appears in.)
checked program was:
/* begin */
1: /*top*/
2: int main() { return 0; }
3: int t() { void ((*volatile p)()); p = (void ((*)()))setscrreg; return 0; }
/* end */

"/usr/local/opt/apple-gcc42/bin/gcc-4.2 -o conftest -I../.. -I../../. -I../.././ext/curses  -D_XOPEN_SOURCE -D_DARWIN_C_SOURCE   -O3 -I/usr/local/opt/libyaml/include -I/usr/local/opt/readline/include -I/usr/local/opt/libksba/include -I/usr/local/opt/openssl098/include  -fno-common -pipe -fno-common   conftest.c  -L. -L../.. -L. -L/usr/local/opt/libyaml/lib -L/usr/local/opt/readline/lib -L/usr/local/opt/libksba/lib -L/usr/local/opt/openssl098/lib    -lncurses -ltermcap  -lruby-static -lncurses -ltermcap  -ldl -lobjc  "
checked program was:
/* begin */
1: /*top*/
2: int main() { return 0; }
3: int t() { setscrreg(); return 0; }
/* end */

--------------------

have_func: checking for ungetch()... -------------------- yes

"/usr/local/opt/apple-gcc42/bin/gcc-4.2 -o conftest -I../.. -I../../. -I../.././ext/curses  -D_XOPEN_SOURCE -D_DARWIN_C_SOURCE   -O3 -I/usr/local/opt/libyaml/include -I/usr/local/opt/readline/include -I/usr/local/opt/libksba/include -I/usr/local/opt/openssl098/include  -fno-common -pipe -fno-common   conftest.c  -L. -L../.. -L. -L/usr/local/opt/libyaml/lib -L/usr/local/opt/readline/lib -L/usr/local/opt/libksba/lib -L/usr/local/opt/openssl098/lib    -lncurses -ltermcap  -lruby-static -lncurses -ltermcap  -ldl -lobjc  "
conftest.c: In function ‘t’:
conftest.c:3: error: ‘ungetch’ undeclared (first use in this function)
conftest.c:3: error: (Each undeclared identifier is reported only once
conftest.c:3: error: for each function it appears in.)
checked program was:
/* begin */
1: /*top*/
2: int main() { return 0; }
3: int t() { void ((*volatile p)()); p = (void ((*)()))ungetch; return 0; }
/* end */

"/usr/local/opt/apple-gcc42/bin/gcc-4.2 -o conftest -I../.. -I../../. -I../.././ext/curses  -D_XOPEN_SOURCE -D_DARWIN_C_SOURCE   -O3 -I/usr/local/opt/libyaml/include -I/usr/local/opt/readline/include -I/usr/local/opt/libksba/include -I/usr/local/opt/openssl098/include  -fno-common -pipe -fno-common   conftest.c  -L. -L../.. -L. -L/usr/local/opt/libyaml/lib -L/usr/local/opt/readline/lib -L/usr/local/opt/libksba/lib -L/usr/local/opt/openssl098/lib    -lncurses -ltermcap  -lruby-static -lncurses -ltermcap  -ldl -lobjc  "
checked program was:
/* begin */
1: /*top*/
2: int main() { return 0; }
3: int t() { ungetch(); return 0; }
/* end */

--------------------

have_func: checking for wattroff()... -------------------- yes

"/usr/local/opt/apple-gcc42/bin/gcc-4.2 -o conftest -I../.. -I../../. -I../.././ext/curses  -D_XOPEN_SOURCE -D_DARWIN_C_SOURCE   -O3 -I/usr/local/opt/libyaml/include -I/usr/local/opt/readline/include -I/usr/local/opt/libksba/include -I/usr/local/opt/openssl098/include  -fno-common -pipe -fno-common   conftest.c  -L. -L../.. -L. -L/usr/local/opt/libyaml/lib -L/usr/local/opt/readline/lib -L/usr/local/opt/libksba/lib -L/usr/local/opt/openssl098/lib    -lncurses -ltermcap  -lruby-static -lncurses -ltermcap  -ldl -lobjc  "
conftest.c: In function ‘t’:
conftest.c:3: error: ‘wattroff’ undeclared (first use in this function)
conftest.c:3: error: (Each undeclared identifier is reported only once
conftest.c:3: error: for each function it appears in.)
checked program was:
/* begin */
1: /*top*/
2: int main() { return 0; }
3: int t() { void ((*volatile p)()); p = (void ((*)()))wattroff; return 0; }
/* end */

"/usr/local/opt/apple-gcc42/bin/gcc-4.2 -o conftest -I../.. -I../../. -I../.././ext/curses  -D_XOPEN_SOURCE -D_DARWIN_C_SOURCE   -O3 -I/usr/local/opt/libyaml/include -I/usr/local/opt/readline/include -I/usr/local/opt/libksba/include -I/usr/local/opt/openssl098/include  -fno-common -pipe -fno-common   conftest.c  -L. -L../.. -L. -L/usr/local/opt/libyaml/lib -L/usr/local/opt/readline/lib -L/usr/local/opt/libksba/lib -L/usr/local/opt/openssl098/lib    -lncurses -ltermcap  -lruby-static -lncurses -ltermcap  -ldl -lobjc  "
checked program was:
/* begin */
1: /*top*/
2: int main() { return 0; }
3: int t() { wattroff(); return 0; }
/* end */

--------------------

have_func: checking for wattron()... -------------------- yes

"/usr/local/opt/apple-gcc42/bin/gcc-4.2 -o conftest -I../.. -I../../. -I../.././ext/curses  -D_XOPEN_SOURCE -D_DARWIN_C_SOURCE   -O3 -I/usr/local/opt/libyaml/include -I/usr/local/opt/readline/include -I/usr/local/opt/libksba/include -I/usr/local/opt/openssl098/include  -fno-common -pipe -fno-common   conftest.c  -L. -L../.. -L. -L/usr/local/opt/libyaml/lib -L/usr/local/opt/readline/lib -L/usr/local/opt/libksba/lib -L/usr/local/opt/openssl098/lib    -lncurses -ltermcap  -lruby-static -lncurses -ltermcap  -ldl -lobjc  "
conftest.c: In function ‘t’:
conftest.c:3: error: ‘wattron’ undeclared (first use in this function)
conftest.c:3: error: (Each undeclared identifier is reported only once
conftest.c:3: error: for each function it appears in.)
checked program was:
/* begin */
1: /*top*/
2: int main() { return 0; }
3: int t() { void ((*volatile p)()); p = (void ((*)()))wattron; return 0; }
/* end */

"/usr/local/opt/apple-gcc42/bin/gcc-4.2 -o conftest -I../.. -I../../. -I../.././ext/curses  -D_XOPEN_SOURCE -D_DARWIN_C_SOURCE   -O3 -I/usr/local/opt/libyaml/include -I/usr/local/opt/readline/include -I/usr/local/opt/libksba/include -I/usr/local/opt/openssl098/include  -fno-common -pipe -fno-common   conftest.c  -L. -L../.. -L. -L/usr/local/opt/libyaml/lib -L/usr/local/opt/readline/lib -L/usr/local/opt/libksba/lib -L/usr/local/opt/openssl098/lib    -lncurses -ltermcap  -lruby-static -lncurses -ltermcap  -ldl -lobjc  "
checked program was:
/* begin */
1: /*top*/
2: int main() { return 0; }
3: int t() { wattron(); return 0; }
/* end */

--------------------

have_func: checking for wattrset()... -------------------- yes

"/usr/local/opt/apple-gcc42/bin/gcc-4.2 -o conftest -I../.. -I../../. -I../.././ext/curses  -D_XOPEN_SOURCE -D_DARWIN_C_SOURCE   -O3 -I/usr/local/opt/libyaml/include -I/usr/local/opt/readline/include -I/usr/local/opt/libksba/include -I/usr/local/opt/openssl098/include  -fno-common -pipe -fno-common   conftest.c  -L. -L../.. -L. -L/usr/local/opt/libyaml/lib -L/usr/local/opt/readline/lib -L/usr/local/opt/libksba/lib -L/usr/local/opt/openssl098/lib    -lncurses -ltermcap  -lruby-static -lncurses -ltermcap  -ldl -lobjc  "
conftest.c: In function ‘t’:
conftest.c:3: error: ‘wattrset’ undeclared (first use in this function)
conftest.c:3: error: (Each undeclared identifier is reported only once
conftest.c:3: error: for each function it appears in.)
checked program was:
/* begin */
1: /*top*/
2: int main() { return 0; }
3: int t() { void ((*volatile p)()); p = (void ((*)()))wattrset; return 0; }
/* end */

"/usr/local/opt/apple-gcc42/bin/gcc-4.2 -o conftest -I../.. -I../../. -I../.././ext/curses  -D_XOPEN_SOURCE -D_DARWIN_C_SOURCE   -O3 -I/usr/local/opt/libyaml/include -I/usr/local/opt/readline/include -I/usr/local/opt/libksba/include -I/usr/local/opt/openssl098/include  -fno-common -pipe -fno-common   conftest.c  -L. -L../.. -L. -L/usr/local/opt/libyaml/lib -L/usr/local/opt/readline/lib -L/usr/local/opt/libksba/lib -L/usr/local/opt/openssl098/lib    -lncurses -ltermcap  -lruby-static -lncurses -ltermcap  -ldl -lobjc  "
checked program was:
/* begin */
1: /*top*/
2: int main() { return 0; }
3: int t() { wattrset(); return 0; }
/* end */

--------------------

have_func: checking for wbkgd()... -------------------- yes

"/usr/local/opt/apple-gcc42/bin/gcc-4.2 -o conftest -I../.. -I../../. -I../.././ext/curses  -D_XOPEN_SOURCE -D_DARWIN_C_SOURCE   -O3 -I/usr/local/opt/libyaml/include -I/usr/local/opt/readline/include -I/usr/local/opt/libksba/include -I/usr/local/opt/openssl098/include  -fno-common -pipe -fno-common   conftest.c  -L. -L../.. -L. -L/usr/local/opt/libyaml/lib -L/usr/local/opt/readline/lib -L/usr/local/opt/libksba/lib -L/usr/local/opt/openssl098/lib    -lncurses -ltermcap  -lruby-static -lncurses -ltermcap  -ldl -lobjc  "
conftest.c: In function ‘t’:
conftest.c:3: error: ‘wbkgd’ undeclared (first use in this function)
conftest.c:3: error: (Each undeclared identifier is reported only once
conftest.c:3: error: for each function it appears in.)
checked program was:
/* begin */
1: /*top*/
2: int main() { return 0; }
3: int t() { void ((*volatile p)()); p = (void ((*)()))wbkgd; return 0; }
/* end */

"/usr/local/opt/apple-gcc42/bin/gcc-4.2 -o conftest -I../.. -I../../. -I../.././ext/curses  -D_XOPEN_SOURCE -D_DARWIN_C_SOURCE   -O3 -I/usr/local/opt/libyaml/include -I/usr/local/opt/readline/include -I/usr/local/opt/libksba/include -I/usr/local/opt/openssl098/include  -fno-common -pipe -fno-common   conftest.c  -L. -L../.. -L. -L/usr/local/opt/libyaml/lib -L/usr/local/opt/readline/lib -L/usr/local/opt/libksba/lib -L/usr/local/opt/openssl098/lib    -lncurses -ltermcap  -lruby-static -lncurses -ltermcap  -ldl -lobjc  "
checked program was:
/* begin */
1: /*top*/
2: int main() { return 0; }
3: int t() { wbkgd(); return 0; }
/* end */

--------------------

have_func: checking for wbkgdset()... -------------------- yes

"/usr/local/opt/apple-gcc42/bin/gcc-4.2 -o conftest -I../.. -I../../. -I../.././ext/curses  -D_XOPEN_SOURCE -D_DARWIN_C_SOURCE   -O3 -I/usr/local/opt/libyaml/include -I/usr/local/opt/readline/include -I/usr/local/opt/libksba/include -I/usr/local/opt/openssl098/include  -fno-common -pipe -fno-common   conftest.c  -L. -L../.. -L. -L/usr/local/opt/libyaml/lib -L/usr/local/opt/readline/lib -L/usr/local/opt/libksba/lib -L/usr/local/opt/openssl098/lib    -lncurses -ltermcap  -lruby-static -lncurses -ltermcap  -ldl -lobjc  "
conftest.c: In function ‘t’:
conftest.c:3: error: ‘wbkgdset’ undeclared (first use in this function)
conftest.c:3: error: (Each undeclared identifier is reported only once
conftest.c:3: error: for each function it appears in.)
checked program was:
/* begin */
1: /*top*/
2: int main() { return 0; }
3: int t() { void ((*volatile p)()); p = (void ((*)()))wbkgdset; return 0; }
/* end */

"/usr/local/opt/apple-gcc42/bin/gcc-4.2 -o conftest -I../.. -I../../. -I../.././ext/curses  -D_XOPEN_SOURCE -D_DARWIN_C_SOURCE   -O3 -I/usr/local/opt/libyaml/include -I/usr/local/opt/readline/include -I/usr/local/opt/libksba/include -I/usr/local/opt/openssl098/include  -fno-common -pipe -fno-common   conftest.c  -L. -L../.. -L. -L/usr/local/opt/libyaml/lib -L/usr/local/opt/readline/lib -L/usr/local/opt/libksba/lib -L/usr/local/opt/openssl098/lib    -lncurses -ltermcap  -lruby-static -lncurses -ltermcap  -ldl -lobjc  "
checked program was:
/* begin */
1: /*top*/
2: int main() { return 0; }
3: int t() { wbkgdset(); return 0; }
/* end */

--------------------

have_func: checking for wdeleteln()... -------------------- yes

"/usr/local/opt/apple-gcc42/bin/gcc-4.2 -o conftest -I../.. -I../../. -I../.././ext/curses  -D_XOPEN_SOURCE -D_DARWIN_C_SOURCE   -O3 -I/usr/local/opt/libyaml/include -I/usr/local/opt/readline/include -I/usr/local/opt/libksba/include -I/usr/local/opt/openssl098/include  -fno-common -pipe -fno-common   conftest.c  -L. -L../.. -L. -L/usr/local/opt/libyaml/lib -L/usr/local/opt/readline/lib -L/usr/local/opt/libksba/lib -L/usr/local/opt/openssl098/lib    -lncurses -ltermcap  -lruby-static -lncurses -ltermcap  -ldl -lobjc  "
conftest.c: In function ‘t’:
conftest.c:3: error: ‘wdeleteln’ undeclared (first use in this function)
conftest.c:3: error: (Each undeclared identifier is reported only once
conftest.c:3: error: for each function it appears in.)
checked program was:
/* begin */
1: /*top*/
2: int main() { return 0; }
3: int t() { void ((*volatile p)()); p = (void ((*)()))wdeleteln; return 0; }
/* end */

"/usr/local/opt/apple-gcc42/bin/gcc-4.2 -o conftest -I../.. -I../../. -I../.././ext/curses  -D_XOPEN_SOURCE -D_DARWIN_C_SOURCE   -O3 -I/usr/local/opt/libyaml/include -I/usr/local/opt/readline/include -I/usr/local/opt/libksba/include -I/usr/local/opt/openssl098/include  -fno-common -pipe -fno-common   conftest.c  -L. -L../.. -L. -L/usr/local/opt/libyaml/lib -L/usr/local/opt/readline/lib -L/usr/local/opt/libksba/lib -L/usr/local/opt/openssl098/lib    -lncurses -ltermcap  -lruby-static -lncurses -ltermcap  -ldl -lobjc  "
checked program was:
/* begin */
1: /*top*/
2: int main() { return 0; }
3: int t() { wdeleteln(); return 0; }
/* end */

--------------------

have_func: checking for wgetnstr()... -------------------- yes

"/usr/local/opt/apple-gcc42/bin/gcc-4.2 -o conftest -I../.. -I../../. -I../.././ext/curses  -D_XOPEN_SOURCE -D_DARWIN_C_SOURCE   -O3 -I/usr/local/opt/libyaml/include -I/usr/local/opt/readline/include -I/usr/local/opt/libksba/include -I/usr/local/opt/openssl098/include  -fno-common -pipe -fno-common   conftest.c  -L. -L../.. -L. -L/usr/local/opt/libyaml/lib -L/usr/local/opt/readline/lib -L/usr/local/opt/libksba/lib -L/usr/local/opt/openssl098/lib    -lncurses -ltermcap  -lruby-static -lncurses -ltermcap  -ldl -lobjc  "
conftest.c: In function ‘t’:
conftest.c:3: error: ‘wgetnstr’ undeclared (first use in this function)
conftest.c:3: error: (Each undeclared identifier is reported only once
conftest.c:3: error: for each function it appears in.)
checked program was:
/* begin */
1: /*top*/
2: int main() { return 0; }
3: int t() { void ((*volatile p)()); p = (void ((*)()))wgetnstr; return 0; }
/* end */

"/usr/local/opt/apple-gcc42/bin/gcc-4.2 -o conftest -I../.. -I../../. -I../.././ext/curses  -D_XOPEN_SOURCE -D_DARWIN_C_SOURCE   -O3 -I/usr/local/opt/libyaml/include -I/usr/local/opt/readline/include -I/usr/local/opt/libksba/include -I/usr/local/opt/openssl098/include  -fno-common -pipe -fno-common   conftest.c  -L. -L../.. -L. -L/usr/local/opt/libyaml/lib -L/usr/local/opt/readline/lib -L/usr/local/opt/libksba/lib -L/usr/local/opt/openssl098/lib    -lncurses -ltermcap  -lruby-static -lncurses -ltermcap  -ldl -lobjc  "
checked program was:
/* begin */
1: /*top*/
2: int main() { return 0; }
3: int t() { wgetnstr(); return 0; }
/* end */

--------------------

have_func: checking for wresize()... -------------------- yes

"/usr/local/opt/apple-gcc42/bin/gcc-4.2 -o conftest -I../.. -I../../. -I../.././ext/curses  -D_XOPEN_SOURCE -D_DARWIN_C_SOURCE   -O3 -I/usr/local/opt/libyaml/include -I/usr/local/opt/readline/include -I/usr/local/opt/libksba/include -I/usr/local/opt/openssl098/include  -fno-common -pipe -fno-common   conftest.c  -L. -L../.. -L. -L/usr/local/opt/libyaml/lib -L/usr/local/opt/readline/lib -L/usr/local/opt/libksba/lib -L/usr/local/opt/openssl098/lib    -lncurses -ltermcap  -lruby-static -lncurses -ltermcap  -ldl -lobjc  "
conftest.c: In function ‘t’:
conftest.c:3: error: ‘wresize’ undeclared (first use in this function)
conftest.c:3: error: (Each undeclared identifier is reported only once
conftest.c:3: error: for each function it appears in.)
checked program was:
/* begin */
1: /*top*/
2: int main() { return 0; }
3: int t() { void ((*volatile p)()); p = (void ((*)()))wresize; return 0; }
/* end */

"/usr/local/opt/apple-gcc42/bin/gcc-4.2 -o conftest -I../.. -I../../. -I../.././ext/curses  -D_XOPEN_SOURCE -D_DARWIN_C_SOURCE   -O3 -I/usr/local/opt/libyaml/include -I/usr/local/opt/readline/include -I/usr/local/opt/libksba/include -I/usr/local/opt/openssl098/include  -fno-common -pipe -fno-common   conftest.c  -L. -L../.. -L. -L/usr/local/opt/libyaml/lib -L/usr/local/opt/readline/lib -L/usr/local/opt/libksba/lib -L/usr/local/opt/openssl098/lib    -lncurses -ltermcap  -lruby-static -lncurses -ltermcap  -ldl -lobjc  "
checked program was:
/* begin */
1: /*top*/
2: int main() { return 0; }
3: int t() { wresize(); return 0; }
/* end */

--------------------

have_func: checking for wscrl()... -------------------- yes

"/usr/local/opt/apple-gcc42/bin/gcc-4.2 -o conftest -I../.. -I../../. -I../.././ext/curses  -D_XOPEN_SOURCE -D_DARWIN_C_SOURCE   -O3 -I/usr/local/opt/libyaml/include -I/usr/local/opt/readline/include -I/usr/local/opt/libksba/include -I/usr/local/opt/openssl098/include  -fno-common -pipe -fno-common   conftest.c  -L. -L../.. -L. -L/usr/local/opt/libyaml/lib -L/usr/local/opt/readline/lib -L/usr/local/opt/libksba/lib -L/usr/local/opt/openssl098/lib    -lncurses -ltermcap  -lruby-static -lncurses -ltermcap  -ldl -lobjc  "
conftest.c: In function ‘t’:
conftest.c:3: error: ‘wscrl’ undeclared (first use in this function)
conftest.c:3: error: (Each undeclared identifier is reported only once
conftest.c:3: error: for each function it appears in.)
checked program was:
/* begin */
1: /*top*/
2: int main() { return 0; }
3: int t() { void ((*volatile p)()); p = (void ((*)()))wscrl; return 0; }
/* end */

"/usr/local/opt/apple-gcc42/bin/gcc-4.2 -o conftest -I../.. -I../../. -I../.././ext/curses  -D_XOPEN_SOURCE -D_DARWIN_C_SOURCE   -O3 -I/usr/local/opt/libyaml/include -I/usr/local/opt/readline/include -I/usr/local/opt/libksba/include -I/usr/local/opt/openssl098/include  -fno-common -pipe -fno-common   conftest.c  -L. -L../.. -L. -L/usr/local/opt/libyaml/lib -L/usr/local/opt/readline/lib -L/usr/local/opt/libksba/lib -L/usr/local/opt/openssl098/lib    -lncurses -ltermcap  -lruby-static -lncurses -ltermcap  -ldl -lobjc  "
checked program was:
/* begin */
1: /*top*/
2: int main() { return 0; }
3: int t() { wscrl(); return 0; }
/* end */

--------------------

have_func: checking for wsetscrreg()... -------------------- yes

"/usr/local/opt/apple-gcc42/bin/gcc-4.2 -o conftest -I../.. -I../../. -I../.././ext/curses  -D_XOPEN_SOURCE -D_DARWIN_C_SOURCE   -O3 -I/usr/local/opt/libyaml/include -I/usr/local/opt/readline/include -I/usr/local/opt/libksba/include -I/usr/local/opt/openssl098/include  -fno-common -pipe -fno-common   conftest.c  -L. -L../.. -L. -L/usr/local/opt/libyaml/lib -L/usr/local/opt/readline/lib -L/usr/local/opt/libksba/lib -L/usr/local/opt/openssl098/lib    -lncurses -ltermcap  -lruby-static -lncurses -ltermcap  -ldl -lobjc  "
conftest.c: In function ‘t’:
conftest.c:3: error: ‘wsetscrreg’ undeclared (first use in this function)
conftest.c:3: error: (Each undeclared identifier is reported only once
conftest.c:3: error: for each function it appears in.)
checked program was:
/* begin */
1: /*top*/
2: int main() { return 0; }
3: int t() { void ((*volatile p)()); p = (void ((*)()))wsetscrreg; return 0; }
/* end */

"/usr/local/opt/apple-gcc42/bin/gcc-4.2 -o conftest -I../.. -I../../. -I../.././ext/curses  -D_XOPEN_SOURCE -D_DARWIN_C_SOURCE   -O3 -I/usr/local/opt/libyaml/include -I/usr/local/opt/readline/include -I/usr/local/opt/libksba/include -I/usr/local/opt/openssl098/include  -fno-common -pipe -fno-common   conftest.c  -L. -L../.. -L. -L/usr/local/opt/libyaml/lib -L/usr/local/opt/readline/lib -L/usr/local/opt/libksba/lib -L/usr/local/opt/openssl098/lib    -lncurses -ltermcap  -lruby-static -lncurses -ltermcap  -ldl -lobjc  "
checked program was:
/* begin */
1: /*top*/
2: int main() { return 0; }
3: int t() { wsetscrreg(); return 0; }
/* end */

--------------------

have_func: checking for def_prog_mode()... -------------------- yes

"/usr/local/opt/apple-gcc42/bin/gcc-4.2 -o conftest -I../.. -I../../. -I../.././ext/curses  -D_XOPEN_SOURCE -D_DARWIN_C_SOURCE   -O3 -I/usr/local/opt/libyaml/include -I/usr/local/opt/readline/include -I/usr/local/opt/libksba/include -I/usr/local/opt/openssl098/include  -fno-common -pipe -fno-common   conftest.c  -L. -L../.. -L. -L/usr/local/opt/libyaml/lib -L/usr/local/opt/readline/lib -L/usr/local/opt/libksba/lib -L/usr/local/opt/openssl098/lib    -lncurses -ltermcap  -lruby-static -lncurses -ltermcap  -ldl -lobjc  "
conftest.c: In function ‘t’:
conftest.c:3: error: ‘def_prog_mode’ undeclared (first use in this function)
conftest.c:3: error: (Each undeclared identifier is reported only once
conftest.c:3: error: for each function it appears in.)
checked program was:
/* begin */
1: /*top*/
2: int main() { return 0; }
3: int t() { void ((*volatile p)()); p = (void ((*)()))def_prog_mode; return 0; }
/* end */

"/usr/local/opt/apple-gcc42/bin/gcc-4.2 -o conftest -I../.. -I../../. -I../.././ext/curses  -D_XOPEN_SOURCE -D_DARWIN_C_SOURCE   -O3 -I/usr/local/opt/libyaml/include -I/usr/local/opt/readline/include -I/usr/local/opt/libksba/include -I/usr/local/opt/openssl098/include  -fno-common -pipe -fno-common   conftest.c  -L. -L../.. -L. -L/usr/local/opt/libyaml/lib -L/usr/local/opt/readline/lib -L/usr/local/opt/libksba/lib -L/usr/local/opt/openssl098/lib    -lncurses -ltermcap  -lruby-static -lncurses -ltermcap  -ldl -lobjc  "
checked program was:
/* begin */
1: /*top*/
2: int main() { return 0; }
3: int t() { def_prog_mode(); return 0; }
/* end */

--------------------

have_func: checking for reset_prog_mode()... -------------------- yes

"/usr/local/opt/apple-gcc42/bin/gcc-4.2 -o conftest -I../.. -I../../. -I../.././ext/curses  -D_XOPEN_SOURCE -D_DARWIN_C_SOURCE   -O3 -I/usr/local/opt/libyaml/include -I/usr/local/opt/readline/include -I/usr/local/opt/libksba/include -I/usr/local/opt/openssl098/include  -fno-common -pipe -fno-common   conftest.c  -L. -L../.. -L. -L/usr/local/opt/libyaml/lib -L/usr/local/opt/readline/lib -L/usr/local/opt/libksba/lib -L/usr/local/opt/openssl098/lib    -lncurses -ltermcap  -lruby-static -lncurses -ltermcap  -ldl -lobjc  "
conftest.c: In function ‘t’:
conftest.c:3: error: ‘reset_prog_mode’ undeclared (first use in this function)
conftest.c:3: error: (Each undeclared identifier is reported only once
conftest.c:3: error: for each function it appears in.)
checked program was:
/* begin */
1: /*top*/
2: int main() { return 0; }
3: int t() { void ((*volatile p)()); p = (void ((*)()))reset_prog_mode; return 0; }
/* end */

"/usr/local/opt/apple-gcc42/bin/gcc-4.2 -o conftest -I../.. -I../../. -I../.././ext/curses  -D_XOPEN_SOURCE -D_DARWIN_C_SOURCE   -O3 -I/usr/local/opt/libyaml/include -I/usr/local/opt/readline/include -I/usr/local/opt/libksba/include -I/usr/local/opt/openssl098/include  -fno-common -pipe -fno-common   conftest.c  -L. -L../.. -L. -L/usr/local/opt/libyaml/lib -L/usr/local/opt/readline/lib -L/usr/local/opt/libksba/lib -L/usr/local/opt/openssl098/lib    -lncurses -ltermcap  -lruby-static -lncurses -ltermcap  -ldl -lobjc  "
checked program was:
/* begin */
1: /*top*/
2: int main() { return 0; }
3: int t() { reset_prog_mode(); return 0; }
/* end */

--------------------

have_func: checking for timeout()... -------------------- yes

"/usr/local/opt/apple-gcc42/bin/gcc-4.2 -o conftest -I../.. -I../../. -I../.././ext/curses  -D_XOPEN_SOURCE -D_DARWIN_C_SOURCE   -O3 -I/usr/local/opt/libyaml/include -I/usr/local/opt/readline/include -I/usr/local/opt/libksba/include -I/usr/local/opt/openssl098/include  -fno-common -pipe -fno-common   conftest.c  -L. -L../.. -L. -L/usr/local/opt/libyaml/lib -L/usr/local/opt/readline/lib -L/usr/local/opt/libksba/lib -L/usr/local/opt/openssl098/lib    -lncurses -ltermcap  -lruby-static -lncurses -ltermcap  -ldl -lobjc  "
conftest.c: In function ‘t’:
conftest.c:3: error: ‘timeout’ undeclared (first use in this function)
conftest.c:3: error: (Each undeclared identifier is reported only once
conftest.c:3: error: for each function it appears in.)
checked program was:
/* begin */
1: /*top*/
2: int main() { return 0; }
3: int t() { void ((*volatile p)()); p = (void ((*)()))timeout; return 0; }
/* end */

"/usr/local/opt/apple-gcc42/bin/gcc-4.2 -o conftest -I../.. -I../../. -I../.././ext/curses  -D_XOPEN_SOURCE -D_DARWIN_C_SOURCE   -O3 -I/usr/local/opt/libyaml/include -I/usr/local/opt/readline/include -I/usr/local/opt/libksba/include -I/usr/local/opt/openssl098/include  -fno-common -pipe -fno-common   conftest.c  -L. -L../.. -L. -L/usr/local/opt/libyaml/lib -L/usr/local/opt/readline/lib -L/usr/local/opt/libksba/lib -L/usr/local/opt/openssl098/lib    -lncurses -ltermcap  -lruby-static -lncurses -ltermcap  -ldl -lobjc  "
checked program was:
/* begin */
1: /*top*/
2: int main() { return 0; }
3: int t() { timeout(); return 0; }
/* end */

--------------------

have_func: checking for wtimeout()... -------------------- yes

"/usr/local/opt/apple-gcc42/bin/gcc-4.2 -o conftest -I../.. -I../../. -I../.././ext/curses  -D_XOPEN_SOURCE -D_DARWIN_C_SOURCE   -O3 -I/usr/local/opt/libyaml/include -I/usr/local/opt/readline/include -I/usr/local/opt/libksba/include -I/usr/local/opt/openssl098/include  -fno-common -pipe -fno-common   conftest.c  -L. -L../.. -L. -L/usr/local/opt/libyaml/lib -L/usr/local/opt/readline/lib -L/usr/local/opt/libksba/lib -L/usr/local/opt/openssl098/lib    -lncurses -ltermcap  -lruby-static -lncurses -ltermcap  -ldl -lobjc  "
conftest.c: In function ‘t’:
conftest.c:3: error: ‘wtimeout’ undeclared (first use in this function)
conftest.c:3: error: (Each undeclared identifier is reported only once
conftest.c:3: error: for each function it appears in.)
checked program was:
/* begin */
1: /*top*/
2: int main() { return 0; }
3: int t() { void ((*volatile p)()); p = (void ((*)()))wtimeout; return 0; }
/* end */

"/usr/local/opt/apple-gcc42/bin/gcc-4.2 -o conftest -I../.. -I../../. -I../.././ext/curses  -D_XOPEN_SOURCE -D_DARWIN_C_SOURCE   -O3 -I/usr/local/opt/libyaml/include -I/usr/local/opt/readline/include -I/usr/local/opt/libksba/include -I/usr/local/opt/openssl098/include  -fno-common -pipe -fno-common   conftest.c  -L. -L../.. -L. -L/usr/local/opt/libyaml/lib -L/usr/local/opt/readline/lib -L/usr/local/opt/libksba/lib -L/usr/local/opt/openssl098/lib    -lncurses -ltermcap  -lruby-static -lncurses -ltermcap  -ldl -lobjc  "
checked program was:
/* begin */
1: /*top*/
2: int main() { return 0; }
3: int t() { wtimeout(); return 0; }
/* end */

--------------------

have_func: checking for nodelay()... -------------------- yes

"/usr/local/opt/apple-gcc42/bin/gcc-4.2 -o conftest -I../.. -I../../. -I../.././ext/curses  -D_XOPEN_SOURCE -D_DARWIN_C_SOURCE   -O3 -I/usr/local/opt/libyaml/include -I/usr/local/opt/readline/include -I/usr/local/opt/libksba/include -I/usr/local/opt/openssl098/include  -fno-common -pipe -fno-common   conftest.c  -L. -L../.. -L. -L/usr/local/opt/libyaml/lib -L/usr/local/opt/readline/lib -L/usr/local/opt/libksba/lib -L/usr/local/opt/openssl098/lib    -lncurses -ltermcap  -lruby-static -lncurses -ltermcap  -ldl -lobjc  "
conftest.c: In function ‘t’:
conftest.c:3: error: ‘nodelay’ undeclared (first use in this function)
conftest.c:3: error: (Each undeclared identifier is reported only once
conftest.c:3: error: for each function it appears in.)
checked program was:
/* begin */
1: /*top*/
2: int main() { return 0; }
3: int t() { void ((*volatile p)()); p = (void ((*)()))nodelay; return 0; }
/* end */

"/usr/local/opt/apple-gcc42/bin/gcc-4.2 -o conftest -I../.. -I../../. -I../.././ext/curses  -D_XOPEN_SOURCE -D_DARWIN_C_SOURCE   -O3 -I/usr/local/opt/libyaml/include -I/usr/local/opt/readline/include -I/usr/local/opt/libksba/include -I/usr/local/opt/openssl098/include  -fno-common -pipe -fno-common   conftest.c  -L. -L../.. -L. -L/usr/local/opt/libyaml/lib -L/usr/local/opt/readline/lib -L/usr/local/opt/libksba/lib -L/usr/local/opt/openssl098/lib    -lncurses -ltermcap  -lruby-static -lncurses -ltermcap  -ldl -lobjc  "
checked program was:
/* begin */
1: /*top*/
2: int main() { return 0; }
3: int t() { nodelay(); return 0; }
/* end */

--------------------

have_func: checking for init_color()... -------------------- yes

"/usr/local/opt/apple-gcc42/bin/gcc-4.2 -o conftest -I../.. -I../../. -I../.././ext/curses  -D_XOPEN_SOURCE -D_DARWIN_C_SOURCE   -O3 -I/usr/local/opt/libyaml/include -I/usr/local/opt/readline/include -I/usr/local/opt/libksba/include -I/usr/local/opt/openssl098/include  -fno-common -pipe -fno-common   conftest.c  -L. -L../.. -L. -L/usr/local/opt/libyaml/lib -L/usr/local/opt/readline/lib -L/usr/local/opt/libksba/lib -L/usr/local/opt/openssl098/lib    -lncurses -ltermcap  -lruby-static -lncurses -ltermcap  -ldl -lobjc  "
conftest.c: In function ‘t’:
conftest.c:3: error: ‘init_color’ undeclared (first use in this function)
conftest.c:3: error: (Each undeclared identifier is reported only once
conftest.c:3: error: for each function it appears in.)
checked program was:
/* begin */
1: /*top*/
2: int main() { return 0; }
3: int t() { void ((*volatile p)()); p = (void ((*)()))init_color; return 0; }
/* end */

"/usr/local/opt/apple-gcc42/bin/gcc-4.2 -o conftest -I../.. -I../../. -I../.././ext/curses  -D_XOPEN_SOURCE -D_DARWIN_C_SOURCE   -O3 -I/usr/local/opt/libyaml/include -I/usr/local/opt/readline/include -I/usr/local/opt/libksba/include -I/usr/local/opt/openssl098/include  -fno-common -pipe -fno-common   conftest.c  -L. -L../.. -L. -L/usr/local/opt/libyaml/lib -L/usr/local/opt/readline/lib -L/usr/local/opt/libksba/lib -L/usr/local/opt/openssl098/lib    -lncurses -ltermcap  -lruby-static -lncurses -ltermcap  -ldl -lobjc  "
checked program was:
/* begin */
1: /*top*/
2: int main() { return 0; }
3: int t() { init_color(); return 0; }
/* end */

--------------------

have_func: checking for wcolor_set()... -------------------- yes

"/usr/local/opt/apple-gcc42/bin/gcc-4.2 -o conftest -I../.. -I../../. -I../.././ext/curses  -D_XOPEN_SOURCE -D_DARWIN_C_SOURCE   -O3 -I/usr/local/opt/libyaml/include -I/usr/local/opt/readline/include -I/usr/local/opt/libksba/include -I/usr/local/opt/openssl098/include  -fno-common -pipe -fno-common   conftest.c  -L. -L../.. -L. -L/usr/local/opt/libyaml/lib -L/usr/local/opt/readline/lib -L/usr/local/opt/libksba/lib -L/usr/local/opt/openssl098/lib    -lncurses -ltermcap  -lruby-static -lncurses -ltermcap  -ldl -lobjc  "
conftest.c: In function ‘t’:
conftest.c:3: error: ‘wcolor_set’ undeclared (first use in this function)
conftest.c:3: error: (Each undeclared identifier is reported only once
conftest.c:3: error: for each function it appears in.)
checked program was:
/* begin */
1: /*top*/
2: int main() { return 0; }
3: int t() { void ((*volatile p)()); p = (void ((*)()))wcolor_set; return 0; }
/* end */

"/usr/local/opt/apple-gcc42/bin/gcc-4.2 -o conftest -I../.. -I../../. -I../.././ext/curses  -D_XOPEN_SOURCE -D_DARWIN_C_SOURCE   -O3 -I/usr/local/opt/libyaml/include -I/usr/local/opt/readline/include -I/usr/local/opt/libksba/include -I/usr/local/opt/openssl098/include  -fno-common -pipe -fno-common   conftest.c  -L. -L../.. -L. -L/usr/local/opt/libyaml/lib -L/usr/local/opt/readline/lib -L/usr/local/opt/libksba/lib -L/usr/local/opt/openssl098/lib    -lncurses -ltermcap  -lruby-static -lncurses -ltermcap  -ldl -lobjc  "
checked program was:
/* begin */
1: /*top*/
2: int main() { return 0; }
3: int t() { wcolor_set(); return 0; }
/* end */

--------------------

"/usr/local/opt/apple-gcc42/bin/gcc-4.2 -I../.. -I../../. -I../.././ext/curses  -D_XOPEN_SOURCE -D_DARWIN_C_SOURCE   -O3 -I/usr/local/opt/libyaml/include -I/usr/local/opt/readline/include -I/usr/local/opt/libksba/include -I/usr/local/opt/openssl098/include  -fno-common -pipe -fno-common    -D_XOPEN_SOURCE_EXTENDED -c conftest.c"
checked program was:
/* begin */
1: #include <stdio.h>
2: #include <stdlib.h>
3: #include <ncurses.h>
4: int test_var[(sizeof(char*)>sizeof(int))*2-1];
/* end */

