have_header: checking for sys/stropts.h... -------------------- no

"/usr/local/opt/apple-gcc42/bin/gcc-4.2 -E -I../.. -I../../. -I../.././ext/pty  -D_XOPEN_SOURCE -D_DARWIN_C_SOURCE   -O3 -I/usr/local/opt/libyaml/include -I/usr/local/opt/readline/include -I/usr/local/opt/libksba/include -I/usr/local/opt/openssl098/include  -fno-common -pipe -fno-common    conftest.c -o conftest.i"
conftest.c:1:25: error: sys/stropts.h: No such file or directory
checked program was:
/* begin */
1: #include <sys/stropts.h>
/* end */

--------------------

have_func: checking for setresuid()... -------------------- no

"/usr/local/opt/apple-gcc42/bin/gcc-4.2 -o conftest -I../.. -I../../. -I../.././ext/pty  -D_XOPEN_SOURCE -D_DARWIN_C_SOURCE   -O3 -I/usr/local/opt/libyaml/include -I/usr/local/opt/readline/include -I/usr/local/opt/libksba/include -I/usr/local/opt/openssl098/include  -fno-common -pipe -fno-common   conftest.c  -L. -L../.. -L. -L/usr/local/opt/libyaml/lib -L/usr/local/opt/readline/lib -L/usr/local/opt/libksba/lib -L/usr/local/opt/openssl098/lib     -lruby-static  -ldl -lobjc  "
conftest.c: In function ‘t’:
conftest.c:3: error: ‘setresuid’ undeclared (first use in this function)
conftest.c:3: error: (Each undeclared identifier is reported only once
conftest.c:3: error: for each function it appears in.)
checked program was:
/* begin */
1: /*top*/
2: int main() { return 0; }
3: int t() { void ((*volatile p)()); p = (void ((*)()))setresuid; return 0; }
/* end */

"/usr/local/opt/apple-gcc42/bin/gcc-4.2 -o conftest -I../.. -I../../. -I../.././ext/pty  -D_XOPEN_SOURCE -D_DARWIN_C_SOURCE   -O3 -I/usr/local/opt/libyaml/include -I/usr/local/opt/readline/include -I/usr/local/opt/libksba/include -I/usr/local/opt/openssl098/include  -fno-common -pipe -fno-common   conftest.c  -L. -L../.. -L. -L/usr/local/opt/libyaml/lib -L/usr/local/opt/readline/lib -L/usr/local/opt/libksba/lib -L/usr/local/opt/openssl098/lib     -lruby-static  -ldl -lobjc  "
Undefined symbols for architecture x86_64:
  "_setresuid", referenced from:
      _t in ccBGeInJ.o
ld: symbol(s) not found for architecture x86_64
collect2: ld returned 1 exit status
checked program was:
/* begin */
1: /*top*/
2: int main() { return 0; }
3: int t() { setresuid(); return 0; }
/* end */

--------------------

have_header: checking for libutil.h... -------------------- no

"/usr/local/opt/apple-gcc42/bin/gcc-4.2 -E -I../.. -I../../. -I../.././ext/pty  -D_XOPEN_SOURCE -D_DARWIN_C_SOURCE   -O3 -I/usr/local/opt/libyaml/include -I/usr/local/opt/readline/include -I/usr/local/opt/libksba/include -I/usr/local/opt/openssl098/include  -fno-common -pipe -fno-common    conftest.c -o conftest.i"
conftest.c:1:21: error: libutil.h: No such file or directory
checked program was:
/* begin */
1: #include <libutil.h>
/* end */

--------------------

have_header: checking for pty.h... -------------------- no

"/usr/local/opt/apple-gcc42/bin/gcc-4.2 -E -I../.. -I../../. -I../.././ext/pty  -D_XOPEN_SOURCE -D_DARWIN_C_SOURCE   -O3 -I/usr/local/opt/libyaml/include -I/usr/local/opt/readline/include -I/usr/local/opt/libksba/include -I/usr/local/opt/openssl098/include  -fno-common -pipe -fno-common    conftest.c -o conftest.i"
conftest.c:1:17: error: pty.h: No such file or directory
checked program was:
/* begin */
1: #include <pty.h>
/* end */

--------------------

have_library: checking for openpty() in -lutil... -------------------- yes

"/usr/local/opt/apple-gcc42/bin/gcc-4.2 -o conftest -I../.. -I../../. -I../.././ext/pty  -D_XOPEN_SOURCE -D_DARWIN_C_SOURCE   -O3 -I/usr/local/opt/libyaml/include -I/usr/local/opt/readline/include -I/usr/local/opt/libksba/include -I/usr/local/opt/openssl098/include  -fno-common -pipe -fno-common   conftest.c  -L. -L../.. -L. -L/usr/local/opt/libyaml/lib -L/usr/local/opt/readline/lib -L/usr/local/opt/libksba/lib -L/usr/local/opt/openssl098/lib     -lruby-static -lutil  -ldl -lobjc  "
conftest.c: In function ‘t’:
conftest.c:3: error: ‘openpty’ undeclared (first use in this function)
conftest.c:3: error: (Each undeclared identifier is reported only once
conftest.c:3: error: for each function it appears in.)
checked program was:
/* begin */
1: /*top*/
2: int main() { return 0; }
3: int t() { void ((*volatile p)()); p = (void ((*)()))openpty; return 0; }
/* end */

"/usr/local/opt/apple-gcc42/bin/gcc-4.2 -o conftest -I../.. -I../../. -I../.././ext/pty  -D_XOPEN_SOURCE -D_DARWIN_C_SOURCE   -O3 -I/usr/local/opt/libyaml/include -I/usr/local/opt/readline/include -I/usr/local/opt/libksba/include -I/usr/local/opt/openssl098/include  -fno-common -pipe -fno-common   conftest.c  -L. -L../.. -L. -L/usr/local/opt/libyaml/lib -L/usr/local/opt/readline/lib -L/usr/local/opt/libksba/lib -L/usr/local/opt/openssl098/lib     -lruby-static -lutil  -ldl -lobjc  "
checked program was:
/* begin */
1: /*top*/
2: int main() { return 0; }
3: int t() { openpty(); return 0; }
/* end */

--------------------

have_func: checking for openpty()... -------------------- yes

"/usr/local/opt/apple-gcc42/bin/gcc-4.2 -o conftest -I../.. -I../../. -I../.././ext/pty  -D_XOPEN_SOURCE -D_DARWIN_C_SOURCE   -O3 -I/usr/local/opt/libyaml/include -I/usr/local/opt/readline/include -I/usr/local/opt/libksba/include -I/usr/local/opt/openssl098/include  -fno-common -pipe -fno-common   conftest.c  -L. -L../.. -L. -L/usr/local/opt/libyaml/lib -L/usr/local/opt/readline/lib -L/usr/local/opt/libksba/lib -L/usr/local/opt/openssl098/lib    -lutil  -lruby-static -lutil  -ldl -lobjc  "
conftest.c: In function ‘t’:
conftest.c:3: error: ‘openpty’ undeclared (first use in this function)
conftest.c:3: error: (Each undeclared identifier is reported only once
conftest.c:3: error: for each function it appears in.)
checked program was:
/* begin */
1: /*top*/
2: int main() { return 0; }
3: int t() { void ((*volatile p)()); p = (void ((*)()))openpty; return 0; }
/* end */

"/usr/local/opt/apple-gcc42/bin/gcc-4.2 -o conftest -I../.. -I../../. -I../.././ext/pty  -D_XOPEN_SOURCE -D_DARWIN_C_SOURCE   -O3 -I/usr/local/opt/libyaml/include -I/usr/local/opt/readline/include -I/usr/local/opt/libksba/include -I/usr/local/opt/openssl098/include  -fno-common -pipe -fno-common   conftest.c  -L. -L../.. -L. -L/usr/local/opt/libyaml/lib -L/usr/local/opt/readline/lib -L/usr/local/opt/libksba/lib -L/usr/local/opt/openssl098/lib    -lutil  -lruby-static -lutil  -ldl -lobjc  "
checked program was:
/* begin */
1: /*top*/
2: int main() { return 0; }
3: int t() { openpty(); return 0; }
/* end */

--------------------

