have_library: checking for __db_ndbm_open() in -ldb... -------------------- no

"/usr/local/bin/gcc-4.2 -o conftest -I../.. -I../../. -I../.././ext/dbm  -D_XOPEN_SOURCE -D_DARWIN_C_SOURCE   -O3 -I/usr/local/opt/libyaml/include -I/usr/local/opt/readline/include -I/usr/local/opt/libksba/include -I/usr/local/opt/openssl098/include  -fno-common -pipe -fno-common   conftest.c  -L. -L../.. -L. -L/usr/local/opt/libyaml/lib -L/usr/local/opt/readline/lib -L/usr/local/opt/libksba/lib -L/usr/local/opt/openssl098/lib     -lruby-static -ldb  -ldl -lobjc  "
conftest.c: In function ‘t’:
conftest.c:3: error: ‘__db_ndbm_open’ undeclared (first use in this function)
conftest.c:3: error: (Each undeclared identifier is reported only once
conftest.c:3: error: for each function it appears in.)
checked program was:
/* begin */
1: /*top*/
2: int main() { return 0; }
3: int t() { void ((*volatile p)()); p = (void ((*)()))__db_ndbm_open; return 0; }
/* end */

"/usr/local/bin/gcc-4.2 -o conftest -I../.. -I../../. -I../.././ext/dbm  -D_XOPEN_SOURCE -D_DARWIN_C_SOURCE   -O3 -I/usr/local/opt/libyaml/include -I/usr/local/opt/readline/include -I/usr/local/opt/libksba/include -I/usr/local/opt/openssl098/include  -fno-common -pipe -fno-common   conftest.c  -L. -L../.. -L. -L/usr/local/opt/libyaml/lib -L/usr/local/opt/readline/lib -L/usr/local/opt/libksba/lib -L/usr/local/opt/openssl098/lib     -lruby-static -ldb  -ldl -lobjc  "
ld: library not found for -ldb
collect2: ld returned 1 exit status
checked program was:
/* begin */
1: /*top*/
2: int main() { return 0; }
3: int t() { __db_ndbm_open(); return 0; }
/* end */

--------------------

have_func: checking for __db_ndbm_open()... -------------------- no

"/usr/local/bin/gcc-4.2 -o conftest -I../.. -I../../. -I../.././ext/dbm  -D_XOPEN_SOURCE -D_DARWIN_C_SOURCE   -O3 -I/usr/local/opt/libyaml/include -I/usr/local/opt/readline/include -I/usr/local/opt/libksba/include -I/usr/local/opt/openssl098/include  -fno-common -pipe -fno-common   conftest.c  -L. -L../.. -L. -L/usr/local/opt/libyaml/lib -L/usr/local/opt/readline/lib -L/usr/local/opt/libksba/lib -L/usr/local/opt/openssl098/lib     -lruby-static  -ldl -lobjc  "
conftest.c: In function ‘t’:
conftest.c:3: error: ‘__db_ndbm_open’ undeclared (first use in this function)
conftest.c:3: error: (Each undeclared identifier is reported only once
conftest.c:3: error: for each function it appears in.)
checked program was:
/* begin */
1: /*top*/
2: int main() { return 0; }
3: int t() { void ((*volatile p)()); p = (void ((*)()))__db_ndbm_open; return 0; }
/* end */

"/usr/local/bin/gcc-4.2 -o conftest -I../.. -I../../. -I../.././ext/dbm  -D_XOPEN_SOURCE -D_DARWIN_C_SOURCE   -O3 -I/usr/local/opt/libyaml/include -I/usr/local/opt/readline/include -I/usr/local/opt/libksba/include -I/usr/local/opt/openssl098/include  -fno-common -pipe -fno-common   conftest.c  -L. -L../.. -L. -L/usr/local/opt/libyaml/lib -L/usr/local/opt/readline/lib -L/usr/local/opt/libksba/lib -L/usr/local/opt/openssl098/lib     -lruby-static  -ldl -lobjc  "
Undefined symbols for architecture x86_64:
  "___db_ndbm_open", referenced from:
      _t in ccIghoFr.o
ld: symbol(s) not found for architecture x86_64
collect2: ld returned 1 exit status
checked program was:
/* begin */
1: /*top*/
2: int main() { return 0; }
3: int t() { __db_ndbm_open(); return 0; }
/* end */

--------------------

have_library: checking for __db_ndbm_open() in -ldb2... -------------------- no

"/usr/local/bin/gcc-4.2 -o conftest -I../.. -I../../. -I../.././ext/dbm  -D_XOPEN_SOURCE -D_DARWIN_C_SOURCE   -O3 -I/usr/local/opt/libyaml/include -I/usr/local/opt/readline/include -I/usr/local/opt/libksba/include -I/usr/local/opt/openssl098/include  -fno-common -pipe -fno-common   conftest.c  -L. -L../.. -L. -L/usr/local/opt/libyaml/lib -L/usr/local/opt/readline/lib -L/usr/local/opt/libksba/lib -L/usr/local/opt/openssl098/lib     -lruby-static -ldb2  -ldl -lobjc  "
conftest.c: In function ‘t’:
conftest.c:3: error: ‘__db_ndbm_open’ undeclared (first use in this function)
conftest.c:3: error: (Each undeclared identifier is reported only once
conftest.c:3: error: for each function it appears in.)
checked program was:
/* begin */
1: /*top*/
2: int main() { return 0; }
3: int t() { void ((*volatile p)()); p = (void ((*)()))__db_ndbm_open; return 0; }
/* end */

"/usr/local/bin/gcc-4.2 -o conftest -I../.. -I../../. -I../.././ext/dbm  -D_XOPEN_SOURCE -D_DARWIN_C_SOURCE   -O3 -I/usr/local/opt/libyaml/include -I/usr/local/opt/readline/include -I/usr/local/opt/libksba/include -I/usr/local/opt/openssl098/include  -fno-common -pipe -fno-common   conftest.c  -L. -L../.. -L. -L/usr/local/opt/libyaml/lib -L/usr/local/opt/readline/lib -L/usr/local/opt/libksba/lib -L/usr/local/opt/openssl098/lib     -lruby-static -ldb2  -ldl -lobjc  "
ld: library not found for -ldb2
collect2: ld returned 1 exit status
checked program was:
/* begin */
1: /*top*/
2: int main() { return 0; }
3: int t() { __db_ndbm_open(); return 0; }
/* end */

--------------------

have_func: checking for __db_ndbm_open()... -------------------- no

"/usr/local/bin/gcc-4.2 -o conftest -I../.. -I../../. -I../.././ext/dbm  -D_XOPEN_SOURCE -D_DARWIN_C_SOURCE   -O3 -I/usr/local/opt/libyaml/include -I/usr/local/opt/readline/include -I/usr/local/opt/libksba/include -I/usr/local/opt/openssl098/include  -fno-common -pipe -fno-common   conftest.c  -L. -L../.. -L. -L/usr/local/opt/libyaml/lib -L/usr/local/opt/readline/lib -L/usr/local/opt/libksba/lib -L/usr/local/opt/openssl098/lib     -lruby-static  -ldl -lobjc  "
conftest.c: In function ‘t’:
conftest.c:3: error: ‘__db_ndbm_open’ undeclared (first use in this function)
conftest.c:3: error: (Each undeclared identifier is reported only once
conftest.c:3: error: for each function it appears in.)
checked program was:
/* begin */
1: /*top*/
2: int main() { return 0; }
3: int t() { void ((*volatile p)()); p = (void ((*)()))__db_ndbm_open; return 0; }
/* end */

"/usr/local/bin/gcc-4.2 -o conftest -I../.. -I../../. -I../.././ext/dbm  -D_XOPEN_SOURCE -D_DARWIN_C_SOURCE   -O3 -I/usr/local/opt/libyaml/include -I/usr/local/opt/readline/include -I/usr/local/opt/libksba/include -I/usr/local/opt/openssl098/include  -fno-common -pipe -fno-common   conftest.c  -L. -L../.. -L. -L/usr/local/opt/libyaml/lib -L/usr/local/opt/readline/lib -L/usr/local/opt/libksba/lib -L/usr/local/opt/openssl098/lib     -lruby-static  -ldl -lobjc  "
Undefined symbols for architecture x86_64:
  "___db_ndbm_open", referenced from:
      _t in ccRCNrMB.o
ld: symbol(s) not found for architecture x86_64
collect2: ld returned 1 exit status
checked program was:
/* begin */
1: /*top*/
2: int main() { return 0; }
3: int t() { __db_ndbm_open(); return 0; }
/* end */

--------------------

have_library: checking for dbm_open() in -ldb1... -------------------- no

"/usr/local/bin/gcc-4.2 -o conftest -I../.. -I../../. -I../.././ext/dbm  -D_XOPEN_SOURCE -D_DARWIN_C_SOURCE   -O3 -I/usr/local/opt/libyaml/include -I/usr/local/opt/readline/include -I/usr/local/opt/libksba/include -I/usr/local/opt/openssl098/include  -fno-common -pipe -fno-common   conftest.c  -L. -L../.. -L. -L/usr/local/opt/libyaml/lib -L/usr/local/opt/readline/lib -L/usr/local/opt/libksba/lib -L/usr/local/opt/openssl098/lib     -lruby-static -ldb1  -ldl -lobjc  "
conftest.c: In function ‘t’:
conftest.c:3: error: ‘dbm_open’ undeclared (first use in this function)
conftest.c:3: error: (Each undeclared identifier is reported only once
conftest.c:3: error: for each function it appears in.)
checked program was:
/* begin */
1: /*top*/
2: int main() { return 0; }
3: int t() { void ((*volatile p)()); p = (void ((*)()))dbm_open; return 0; }
/* end */

"/usr/local/bin/gcc-4.2 -o conftest -I../.. -I../../. -I../.././ext/dbm  -D_XOPEN_SOURCE -D_DARWIN_C_SOURCE   -O3 -I/usr/local/opt/libyaml/include -I/usr/local/opt/readline/include -I/usr/local/opt/libksba/include -I/usr/local/opt/openssl098/include  -fno-common -pipe -fno-common   conftest.c  -L. -L../.. -L. -L/usr/local/opt/libyaml/lib -L/usr/local/opt/readline/lib -L/usr/local/opt/libksba/lib -L/usr/local/opt/openssl098/lib     -lruby-static -ldb1  -ldl -lobjc  "
ld: library not found for -ldb1
collect2: ld returned 1 exit status
checked program was:
/* begin */
1: /*top*/
2: int main() { return 0; }
3: int t() { dbm_open(); return 0; }
/* end */

--------------------

have_func: checking for dbm_open()... -------------------- yes

"/usr/local/bin/gcc-4.2 -o conftest -I../.. -I../../. -I../.././ext/dbm  -D_XOPEN_SOURCE -D_DARWIN_C_SOURCE   -O3 -I/usr/local/opt/libyaml/include -I/usr/local/opt/readline/include -I/usr/local/opt/libksba/include -I/usr/local/opt/openssl098/include  -fno-common -pipe -fno-common   conftest.c  -L. -L../.. -L. -L/usr/local/opt/libyaml/lib -L/usr/local/opt/readline/lib -L/usr/local/opt/libksba/lib -L/usr/local/opt/openssl098/lib     -lruby-static  -ldl -lobjc  "
conftest.c: In function ‘t’:
conftest.c:3: error: ‘dbm_open’ undeclared (first use in this function)
conftest.c:3: error: (Each undeclared identifier is reported only once
conftest.c:3: error: for each function it appears in.)
checked program was:
/* begin */
1: /*top*/
2: int main() { return 0; }
3: int t() { void ((*volatile p)()); p = (void ((*)()))dbm_open; return 0; }
/* end */

"/usr/local/bin/gcc-4.2 -o conftest -I../.. -I../../. -I../.././ext/dbm  -D_XOPEN_SOURCE -D_DARWIN_C_SOURCE   -O3 -I/usr/local/opt/libyaml/include -I/usr/local/opt/readline/include -I/usr/local/opt/libksba/include -I/usr/local/opt/openssl098/include  -fno-common -pipe -fno-common   conftest.c  -L. -L../.. -L. -L/usr/local/opt/libyaml/lib -L/usr/local/opt/readline/lib -L/usr/local/opt/libksba/lib -L/usr/local/opt/openssl098/lib     -lruby-static  -ldl -lobjc  "
checked program was:
/* begin */
1: /*top*/
2: int main() { return 0; }
3: int t() { dbm_open(); return 0; }
/* end */

--------------------

have_type: checking for DBM in db1/ndbm.h... -------------------- no

"/usr/local/bin/gcc-4.2 -I../.. -I../../. -I../.././ext/dbm  -D_XOPEN_SOURCE -D_DARWIN_C_SOURCE   -O3 -I/usr/local/opt/libyaml/include -I/usr/local/opt/readline/include -I/usr/local/opt/libksba/include -I/usr/local/opt/openssl098/include  -fno-common -pipe -fno-common     -c conftest.c"
conftest.c:1:22: error: db1/ndbm.h: No such file or directory
conftest.c:4: error: expected ‘=’, ‘,’, ‘;’, ‘asm’ or ‘__attribute__’ before ‘conftest_type’
conftest.c:5: error: ‘conftest_type’ undeclared here (not in a function)
checked program was:
/* begin */
1: #include <db1/ndbm.h>
2: 
3: /*top*/
4: typedef DBM conftest_type;
5: int conftestval[sizeof(conftest_type)?1:-1];
/* end */

--------------------

have_type: checking for DBM in db1.h... -------------------- no

"/usr/local/bin/gcc-4.2 -I../.. -I../../. -I../.././ext/dbm  -D_XOPEN_SOURCE -D_DARWIN_C_SOURCE   -O3 -I/usr/local/opt/libyaml/include -I/usr/local/opt/readline/include -I/usr/local/opt/libksba/include -I/usr/local/opt/openssl098/include  -fno-common -pipe -fno-common     -c conftest.c"
conftest.c:1:17: error: db1.h: No such file or directory
conftest.c:4: error: expected ‘=’, ‘,’, ‘;’, ‘asm’ or ‘__attribute__’ before ‘conftest_type’
conftest.c:5: error: ‘conftest_type’ undeclared here (not in a function)
checked program was:
/* begin */
1: #include <db1.h>
2: 
3: /*top*/
4: typedef DBM conftest_type;
5: int conftestval[sizeof(conftest_type)?1:-1];
/* end */

--------------------

have_type: checking for DBM in ndbm.h... -------------------- yes

"/usr/local/bin/gcc-4.2 -I../.. -I../../. -I../.././ext/dbm  -D_XOPEN_SOURCE -D_DARWIN_C_SOURCE   -O3 -I/usr/local/opt/libyaml/include -I/usr/local/opt/readline/include -I/usr/local/opt/libksba/include -I/usr/local/opt/openssl098/include  -fno-common -pipe -fno-common     -c conftest.c"
checked program was:
/* begin */
1: #include <ndbm.h>
2: 
3: /*top*/
4: typedef DBM conftest_type;
5: int conftestval[sizeof(conftest_type)?1:-1];
/* end */

--------------------

have_func: checking for dbm_clearerr()... -------------------- yes

"/usr/local/bin/gcc-4.2 -o conftest -I../.. -I../../. -I../.././ext/dbm  -D_XOPEN_SOURCE -D_DARWIN_C_SOURCE   -O3 -I/usr/local/opt/libyaml/include -I/usr/local/opt/readline/include -I/usr/local/opt/libksba/include -I/usr/local/opt/openssl098/include  -fno-common -pipe -fno-common   conftest.c  -L. -L../.. -L. -L/usr/local/opt/libyaml/lib -L/usr/local/opt/readline/lib -L/usr/local/opt/libksba/lib -L/usr/local/opt/openssl098/lib     -lruby-static  -ldl -lobjc  "
conftest.c: In function ‘t’:
conftest.c:3: error: ‘dbm_clearerr’ undeclared (first use in this function)
conftest.c:3: error: (Each undeclared identifier is reported only once
conftest.c:3: error: for each function it appears in.)
checked program was:
/* begin */
1: /*top*/
2: int main() { return 0; }
3: int t() { void ((*volatile p)()); p = (void ((*)()))dbm_clearerr; return 0; }
/* end */

"/usr/local/bin/gcc-4.2 -o conftest -I../.. -I../../. -I../.././ext/dbm  -D_XOPEN_SOURCE -D_DARWIN_C_SOURCE   -O3 -I/usr/local/opt/libyaml/include -I/usr/local/opt/readline/include -I/usr/local/opt/libksba/include -I/usr/local/opt/openssl098/include  -fno-common -pipe -fno-common   conftest.c  -L. -L../.. -L. -L/usr/local/opt/libyaml/lib -L/usr/local/opt/readline/lib -L/usr/local/opt/libksba/lib -L/usr/local/opt/openssl098/lib     -lruby-static  -ldl -lobjc  "
checked program was:
/* begin */
1: /*top*/
2: int main() { return 0; }
3: int t() { dbm_clearerr(); return 0; }
/* end */

--------------------

have_header: checking for cdefs.h... -------------------- no

"/usr/local/bin/gcc-4.2 -E -I../.. -I../../. -I../.././ext/dbm  -D_XOPEN_SOURCE -D_DARWIN_C_SOURCE   -O3 -I/usr/local/opt/libyaml/include -I/usr/local/opt/readline/include -I/usr/local/opt/libksba/include -I/usr/local/opt/openssl098/include  -fno-common -pipe -fno-common    conftest.c -o conftest.i"
conftest.c:1:19: error: cdefs.h: No such file or directory
checked program was:
/* begin */
1: #include <cdefs.h>
/* end */

--------------------

have_header: checking for sys/cdefs.h... -------------------- yes

"/usr/local/bin/gcc-4.2 -E -I../.. -I../../. -I../.././ext/dbm  -D_XOPEN_SOURCE -D_DARWIN_C_SOURCE   -O3 -I/usr/local/opt/libyaml/include -I/usr/local/opt/readline/include -I/usr/local/opt/libksba/include -I/usr/local/opt/openssl098/include  -fno-common -pipe -fno-common    conftest.c -o conftest.i"
checked program was:
/* begin */
1: #include <sys/cdefs.h>
/* end */

--------------------

